[{"useNaturalConf":true,"startTime":"Sep 2, 2024, 8:49:15 PM","endTime":"Sep 2, 2024, 8:49:25 PM","status":"FAIL","level":0,"isLeaf":false,"name":"Create a campaign","description":"","bddType":"com.aventstack.extentreports.gherkin.model.Feature","infoMap":{},"children":[{"useNaturalConf":true,"startTime":"Sep 2, 2024, 8:49:15 PM","endTime":"Sep 2, 2024, 8:49:25 PM","status":"FAIL","level":1,"isLeaf":false,"name":"Validate PO Generation and Receipt Creation","description":"\u003cbr\u003e\u003cbr\u003e\u003ctable class\u003d\u0027markup-table table \u0027\u003e\u003ctr\u003e\u003ctd\u003eUserName\u003c/td\u003e\u003ctd\u003ePassword\u003c/td\u003e\u003c/tr\u003e\u003ctr\u003e\u003ctd\u003eStaginguser_2\u003c/td\u003e\u003ctd\u003ePassword@123456\u003c/td\u003e\u003c/tr\u003e\u003c/table\u003e","bddType":"com.aventstack.extentreports.gherkin.model.ScenarioOutline","infoMap":{},"children":[{"useNaturalConf":true,"startTime":"Sep 2, 2024, 8:49:15 PM","endTime":"Sep 2, 2024, 8:49:25 PM","status":"FAIL","level":2,"isLeaf":false,"name":"Validate PO Generation and Receipt Creation","description":"","bddType":"com.aventstack.extentreports.gherkin.model.Scenario","infoMap":{},"children":[{"useNaturalConf":true,"startTime":"Sep 2, 2024, 8:49:19 PM","endTime":"Sep 2, 2024, 8:49:25 PM","status":"FAIL","level":3,"isLeaf":true,"name":"Given User launches Epro url and login with valid Staginguser_2 and Password@123456","description":"stepDefinitions.StepDef_Scenario1.User_launches_Epro_url_and_login_with_valid_staginguser_and_password(java.lang.String,java.lang.String)","bddType":"com.aventstack.extentreports.gherkin.model.Given","infoMap":{},"children":[],"logs":[{"timestamp":"Sep 2, 2024, 8:49:25 PM","status":"FAIL","details":"","seq":0,"infoMap":{},"exception":{"stackTrace":"org.openqa.selenium.NoSuchWindowException: no such window: target window already closed\nfrom unknown error: web view not found\n  (Session info: chrome\u003d128.0.6613.86)\nBuild info: version: \u00274.23.0\u0027, revision: \u00274df0a231af\u0027\nSystem info: os.name: \u0027Windows 10\u0027, os.arch: \u0027amd64\u0027, os.version: \u002710.0\u0027, java.version: \u002717.0.12\u0027\nDriver info: org.openqa.selenium.chrome.ChromeDriver\nCommand: [6f9e6e76a1d905b772ab35e12dc742be, findElement {value\u003d//input[@id\u003d\u0027userName\u0027], using\u003dxpath}]\nCapabilities {acceptInsecureCerts: false, browserName: chrome, browserVersion: 128.0.6613.86, chrome: {chromedriverVersion: 128.0.6613.86 (3045ed680fda..., userDataDir: C:\\Users\\NITIN~1.MOR\\AppDat...}, fedcm:accounts: true, goog:chromeOptions: {debuggerAddress: localhost:54166}, networkConnectionEnabled: false, pageLoadStrategy: normal, platformName: windows, proxy: Proxy(), se:cdp: ws://localhost:54166/devtoo..., se:cdpVersion: 128.0.6613.86, setWindowRect: true, strictFileInteractability: false, timeouts: {implicit: 0, pageLoad: 300000, script: 30000}, unhandledPromptBehavior: dismiss and notify, webauthn:extension:credBlob: true, webauthn:extension:largeBlob: true, webauthn:extension:minPinLength: true, webauthn:extension:prf: true, webauthn:virtualAuthenticators: true}\nSession ID: 6f9e6e76a1d905b772ab35e12dc742be\r\n\tat java.base/jdk.internal.reflect.NativeConstructorAccessorImpl.newInstance0(Native Method)\r\n\tat java.base/jdk.internal.reflect.NativeConstructorAccessorImpl.newInstance(NativeConstructorAccessorImpl.java:77)\r\n\tat java.base/jdk.internal.reflect.DelegatingConstructorAccessorImpl.newInstance(DelegatingConstructorAccessorImpl.java:45)\r\n\tat java.base/java.lang.reflect.Constructor.newInstanceWithCaller(Constructor.java:499)\r\n\tat java.base/java.lang.reflect.Constructor.newInstance(Constructor.java:480)\r\n\tat org.openqa.selenium.remote.ErrorCodec.decode(ErrorCodec.java:167)\r\n\tat org.openqa.selenium.remote.codec.w3c.W3CHttpResponseCodec.decode(W3CHttpResponseCodec.java:138)\r\n\tat org.openqa.selenium.remote.codec.w3c.W3CHttpResponseCodec.decode(W3CHttpResponseCodec.java:50)\r\n\tat org.openqa.selenium.remote.HttpCommandExecutor.execute(HttpCommandExecutor.java:190)\r\n\tat org.openqa.selenium.remote.service.DriverCommandExecutor.invokeExecute(DriverCommandExecutor.java:216)\r\n\tat org.openqa.selenium.remote.service.DriverCommandExecutor.execute(DriverCommandExecutor.java:174)\r\n\tat org.openqa.selenium.remote.RemoteWebDriver.execute(RemoteWebDriver.java:527)\r\n\tat org.openqa.selenium.remote.ElementLocation$ElementFinder$2.findElement(ElementLocation.java:165)\r\n\tat org.openqa.selenium.remote.ElementLocation.findElement(ElementLocation.java:59)\r\n\tat org.openqa.selenium.remote.RemoteWebDriver.findElement(RemoteWebDriver.java:357)\r\n\tat org.openqa.selenium.remote.RemoteWebDriver.findElement(RemoteWebDriver.java:351)\r\n\tat org.openqa.selenium.support.pagefactory.DefaultElementLocator.findElement(DefaultElementLocator.java:68)\r\n\tat org.openqa.selenium.support.pagefactory.internal.LocatingElementHandler.invoke(LocatingElementHandler.java:38)\r\n\tat jdk.proxy2/jdk.proxy2.$Proxy32.sendKeys(Unknown Source)\r\n\tat pageObjects.EproLoginPage.EnterUsernameAndPassword(EproLoginPage.java:71)\r\n\tat stepDefinitions.StepDef_Scenario1.User_launches_Epro_url_and_login_with_valid_staginguser_and_password(StepDef_Scenario1.java:60)\r\n\tat ✽.User launches Epro url and login with valid Staginguser_2 and Password@123456(file:///C:/Users/nitin.more/git/CucumberEspire/src/test/resources/Stories/Epro1.feature:6)\r\n","name":"org.openqa.selenium.NoSuchWindowException"}}],"media":[],"exceptions":[{"stackTrace":"org.openqa.selenium.NoSuchWindowException: no such window: target window already closed\nfrom unknown error: web view not found\n  (Session info: chrome\u003d128.0.6613.86)\nBuild info: version: \u00274.23.0\u0027, revision: \u00274df0a231af\u0027\nSystem info: os.name: \u0027Windows 10\u0027, os.arch: \u0027amd64\u0027, os.version: \u002710.0\u0027, java.version: \u002717.0.12\u0027\nDriver info: org.openqa.selenium.chrome.ChromeDriver\nCommand: [6f9e6e76a1d905b772ab35e12dc742be, findElement {value\u003d//input[@id\u003d\u0027userName\u0027], using\u003dxpath}]\nCapabilities {acceptInsecureCerts: false, browserName: chrome, browserVersion: 128.0.6613.86, chrome: {chromedriverVersion: 128.0.6613.86 (3045ed680fda..., userDataDir: C:\\Users\\NITIN~1.MOR\\AppDat...}, fedcm:accounts: true, goog:chromeOptions: {debuggerAddress: localhost:54166}, networkConnectionEnabled: false, pageLoadStrategy: normal, platformName: windows, proxy: Proxy(), se:cdp: ws://localhost:54166/devtoo..., se:cdpVersion: 128.0.6613.86, setWindowRect: true, strictFileInteractability: false, timeouts: {implicit: 0, pageLoad: 300000, script: 30000}, unhandledPromptBehavior: dismiss and notify, webauthn:extension:credBlob: true, webauthn:extension:largeBlob: true, webauthn:extension:minPinLength: true, webauthn:extension:prf: true, webauthn:virtualAuthenticators: true}\nSession ID: 6f9e6e76a1d905b772ab35e12dc742be\r\n\tat java.base/jdk.internal.reflect.NativeConstructorAccessorImpl.newInstance0(Native Method)\r\n\tat java.base/jdk.internal.reflect.NativeConstructorAccessorImpl.newInstance(NativeConstructorAccessorImpl.java:77)\r\n\tat java.base/jdk.internal.reflect.DelegatingConstructorAccessorImpl.newInstance(DelegatingConstructorAccessorImpl.java:45)\r\n\tat java.base/java.lang.reflect.Constructor.newInstanceWithCaller(Constructor.java:499)\r\n\tat java.base/java.lang.reflect.Constructor.newInstance(Constructor.java:480)\r\n\tat org.openqa.selenium.remote.ErrorCodec.decode(ErrorCodec.java:167)\r\n\tat org.openqa.selenium.remote.codec.w3c.W3CHttpResponseCodec.decode(W3CHttpResponseCodec.java:138)\r\n\tat org.openqa.selenium.remote.codec.w3c.W3CHttpResponseCodec.decode(W3CHttpResponseCodec.java:50)\r\n\tat org.openqa.selenium.remote.HttpCommandExecutor.execute(HttpCommandExecutor.java:190)\r\n\tat org.openqa.selenium.remote.service.DriverCommandExecutor.invokeExecute(DriverCommandExecutor.java:216)\r\n\tat org.openqa.selenium.remote.service.DriverCommandExecutor.execute(DriverCommandExecutor.java:174)\r\n\tat org.openqa.selenium.remote.RemoteWebDriver.execute(RemoteWebDriver.java:527)\r\n\tat org.openqa.selenium.remote.ElementLocation$ElementFinder$2.findElement(ElementLocation.java:165)\r\n\tat org.openqa.selenium.remote.ElementLocation.findElement(ElementLocation.java:59)\r\n\tat org.openqa.selenium.remote.RemoteWebDriver.findElement(RemoteWebDriver.java:357)\r\n\tat org.openqa.selenium.remote.RemoteWebDriver.findElement(RemoteWebDriver.java:351)\r\n\tat org.openqa.selenium.support.pagefactory.DefaultElementLocator.findElement(DefaultElementLocator.java:68)\r\n\tat org.openqa.selenium.support.pagefactory.internal.LocatingElementHandler.invoke(LocatingElementHandler.java:38)\r\n\tat jdk.proxy2/jdk.proxy2.$Proxy32.sendKeys(Unknown Source)\r\n\tat pageObjects.EproLoginPage.EnterUsernameAndPassword(EproLoginPage.java:71)\r\n\tat stepDefinitions.StepDef_Scenario1.User_launches_Epro_url_and_login_with_valid_staginguser_and_password(StepDef_Scenario1.java:60)\r\n\tat ✽.User launches Epro url and login with valid Staginguser_2 and Password@123456(file:///C:/Users/nitin.more/git/CucumberEspire/src/test/resources/Stories/Epro1.feature:6)\r\n","name":"org.openqa.selenium.NoSuchWindowException"}],"authorSet":[],"categorySet":[],"deviceSet":[],"generatedLog":[]},{"useNaturalConf":true,"startTime":"Sep 2, 2024, 8:49:25 PM","endTime":"Sep 2, 2024, 8:49:25 PM","status":"FAIL","level":3,"isLeaf":true,"name":"stepDefinitions.DemoQATextBoxStepDefinition.addScreenshot(io.cucumber.java.Scenario)","description":"AFTER_STEP","bddType":"com.aventstack.extentreports.gherkin.model.Asterisk","infoMap":{},"children":[],"logs":[{"timestamp":"Sep 2, 2024, 8:49:25 PM","status":"FAIL","details":"","seq":0,"infoMap":{},"exception":{"stackTrace":"org.openqa.selenium.NoSuchWindowException: no such window: target window already closed\nfrom unknown error: web view not found\n  (Session info: chrome\u003d128.0.6613.86)\nBuild info: version: \u00274.23.0\u0027, revision: \u00274df0a231af\u0027\nSystem info: os.name: \u0027Windows 10\u0027, os.arch: \u0027amd64\u0027, os.version: \u002710.0\u0027, java.version: \u002717.0.12\u0027\nDriver info: org.openqa.selenium.chrome.ChromeDriver\nCommand: [6f9e6e76a1d905b772ab35e12dc742be, screenshot {}]\nCapabilities {acceptInsecureCerts: false, browserName: chrome, browserVersion: 128.0.6613.86, chrome: {chromedriverVersion: 128.0.6613.86 (3045ed680fda..., userDataDir: C:\\Users\\NITIN~1.MOR\\AppDat...}, fedcm:accounts: true, goog:chromeOptions: {debuggerAddress: localhost:54166}, networkConnectionEnabled: false, pageLoadStrategy: normal, platformName: windows, proxy: Proxy(), se:cdp: ws://localhost:54166/devtoo..., se:cdpVersion: 128.0.6613.86, setWindowRect: true, strictFileInteractability: false, timeouts: {implicit: 0, pageLoad: 300000, script: 30000}, unhandledPromptBehavior: dismiss and notify, webauthn:extension:credBlob: true, webauthn:extension:largeBlob: true, webauthn:extension:minPinLength: true, webauthn:extension:prf: true, webauthn:virtualAuthenticators: true}\nSession ID: 6f9e6e76a1d905b772ab35e12dc742be\r\n\tat java.base/jdk.internal.reflect.NativeConstructorAccessorImpl.newInstance0(Native Method)\r\n\tat java.base/jdk.internal.reflect.NativeConstructorAccessorImpl.newInstance(NativeConstructorAccessorImpl.java:77)\r\n\tat java.base/jdk.internal.reflect.DelegatingConstructorAccessorImpl.newInstance(DelegatingConstructorAccessorImpl.java:45)\r\n\tat java.base/java.lang.reflect.Constructor.newInstanceWithCaller(Constructor.java:499)\r\n\tat java.base/java.lang.reflect.Constructor.newInstance(Constructor.java:480)\r\n\tat org.openqa.selenium.remote.ErrorCodec.decode(ErrorCodec.java:167)\r\n\tat org.openqa.selenium.remote.codec.w3c.W3CHttpResponseCodec.decode(W3CHttpResponseCodec.java:138)\r\n\tat org.openqa.selenium.remote.codec.w3c.W3CHttpResponseCodec.decode(W3CHttpResponseCodec.java:50)\r\n\tat org.openqa.selenium.remote.HttpCommandExecutor.execute(HttpCommandExecutor.java:190)\r\n\tat org.openqa.selenium.remote.service.DriverCommandExecutor.invokeExecute(DriverCommandExecutor.java:216)\r\n\tat org.openqa.selenium.remote.service.DriverCommandExecutor.execute(DriverCommandExecutor.java:174)\r\n\tat org.openqa.selenium.remote.RemoteWebDriver.execute(RemoteWebDriver.java:527)\r\n\tat org.openqa.selenium.remote.RemoteWebDriver.execute(RemoteWebDriver.java:600)\r\n\tat org.openqa.selenium.remote.RemoteWebDriver.execute(RemoteWebDriver.java:604)\r\n\tat org.openqa.selenium.remote.RemoteWebDriver.getScreenshotAs(RemoteWebDriver.java:323)\r\n\tat stepDefinitions.DemoQATextBoxStepDefinition.addScreenshot(DemoQATextBoxStepDefinition.java:95)\r\n","name":"org.openqa.selenium.NoSuchWindowException"}}],"media":[],"exceptions":[{"stackTrace":"org.openqa.selenium.NoSuchWindowException: no such window: target window already closed\nfrom unknown error: web view not found\n  (Session info: chrome\u003d128.0.6613.86)\nBuild info: version: \u00274.23.0\u0027, revision: \u00274df0a231af\u0027\nSystem info: os.name: \u0027Windows 10\u0027, os.arch: \u0027amd64\u0027, os.version: \u002710.0\u0027, java.version: \u002717.0.12\u0027\nDriver info: org.openqa.selenium.chrome.ChromeDriver\nCommand: [6f9e6e76a1d905b772ab35e12dc742be, screenshot {}]\nCapabilities {acceptInsecureCerts: false, browserName: chrome, browserVersion: 128.0.6613.86, chrome: {chromedriverVersion: 128.0.6613.86 (3045ed680fda..., userDataDir: C:\\Users\\NITIN~1.MOR\\AppDat...}, fedcm:accounts: true, goog:chromeOptions: {debuggerAddress: localhost:54166}, networkConnectionEnabled: false, pageLoadStrategy: normal, platformName: windows, proxy: Proxy(), se:cdp: ws://localhost:54166/devtoo..., se:cdpVersion: 128.0.6613.86, setWindowRect: true, strictFileInteractability: false, timeouts: {implicit: 0, pageLoad: 300000, script: 30000}, unhandledPromptBehavior: dismiss and notify, webauthn:extension:credBlob: true, webauthn:extension:largeBlob: true, webauthn:extension:minPinLength: true, webauthn:extension:prf: true, webauthn:virtualAuthenticators: true}\nSession ID: 6f9e6e76a1d905b772ab35e12dc742be\r\n\tat java.base/jdk.internal.reflect.NativeConstructorAccessorImpl.newInstance0(Native Method)\r\n\tat java.base/jdk.internal.reflect.NativeConstructorAccessorImpl.newInstance(NativeConstructorAccessorImpl.java:77)\r\n\tat java.base/jdk.internal.reflect.DelegatingConstructorAccessorImpl.newInstance(DelegatingConstructorAccessorImpl.java:45)\r\n\tat java.base/java.lang.reflect.Constructor.newInstanceWithCaller(Constructor.java:499)\r\n\tat java.base/java.lang.reflect.Constructor.newInstance(Constructor.java:480)\r\n\tat org.openqa.selenium.remote.ErrorCodec.decode(ErrorCodec.java:167)\r\n\tat org.openqa.selenium.remote.codec.w3c.W3CHttpResponseCodec.decode(W3CHttpResponseCodec.java:138)\r\n\tat org.openqa.selenium.remote.codec.w3c.W3CHttpResponseCodec.decode(W3CHttpResponseCodec.java:50)\r\n\tat org.openqa.selenium.remote.HttpCommandExecutor.execute(HttpCommandExecutor.java:190)\r\n\tat org.openqa.selenium.remote.service.DriverCommandExecutor.invokeExecute(DriverCommandExecutor.java:216)\r\n\tat org.openqa.selenium.remote.service.DriverCommandExecutor.execute(DriverCommandExecutor.java:174)\r\n\tat org.openqa.selenium.remote.RemoteWebDriver.execute(RemoteWebDriver.java:527)\r\n\tat org.openqa.selenium.remote.RemoteWebDriver.execute(RemoteWebDriver.java:600)\r\n\tat org.openqa.selenium.remote.RemoteWebDriver.execute(RemoteWebDriver.java:604)\r\n\tat org.openqa.selenium.remote.RemoteWebDriver.getScreenshotAs(RemoteWebDriver.java:323)\r\n\tat stepDefinitions.DemoQATextBoxStepDefinition.addScreenshot(DemoQATextBoxStepDefinition.java:95)\r\n","name":"org.openqa.selenium.NoSuchWindowException"}],"authorSet":[],"categorySet":[],"deviceSet":[],"generatedLog":[]},{"useNaturalConf":true,"startTime":"Sep 2, 2024, 8:49:25 PM","endTime":"Sep 2, 2024, 8:49:25 PM","status":"SKIP","level":3,"isLeaf":true,"name":"And On Campaign Item Page verify Status as Quote Accepted and User will Send and the create PO","description":"stepDefinitions.StepDef_Scenario2.On_Campaign_Item_Page_verify_Status_as_Quote_Accepted_and_user_will_send_and_the_create_po()","bddType":"com.aventstack.extentreports.gherkin.model.And","infoMap":{},"children":[],"logs":[{"timestamp":"Sep 2, 2024, 8:49:25 PM","status":"SKIP","details":"Step skipped","seq":0,"infoMap":{}}],"media":[],"exceptions":[],"authorSet":[],"categorySet":[],"deviceSet":[],"generatedLog":[]},{"useNaturalConf":true,"startTime":"Sep 2, 2024, 8:49:25 PM","endTime":"Sep 2, 2024, 8:49:25 PM","status":"SKIP","level":3,"isLeaf":true,"name":"Then Verify Status as PO Created after creating the PO on Campaign Item Page","description":"stepDefinitions.StepDef_Scenario2.verify_status_as_po_created_after_creating_the_po_on_campaign_item_page()","bddType":"com.aventstack.extentreports.gherkin.model.Then","infoMap":{},"children":[],"logs":[{"timestamp":"Sep 2, 2024, 8:49:25 PM","status":"SKIP","details":"Step skipped","seq":0,"infoMap":{}}],"media":[],"exceptions":[],"authorSet":[],"categorySet":[],"deviceSet":[],"generatedLog":[]},{"useNaturalConf":true,"startTime":"Sep 2, 2024, 8:49:25 PM","endTime":"Sep 2, 2024, 8:49:25 PM","status":"SKIP","level":3,"isLeaf":true,"name":"And User will navigate to Finance page to create receipt","description":"stepDefinitions.StepDef_Scenario2.user_will_navigate_to_finance_page_to_create_receipt()","bddType":"com.aventstack.extentreports.gherkin.model.And","infoMap":{},"children":[],"logs":[{"timestamp":"Sep 2, 2024, 8:49:25 PM","status":"SKIP","details":"Step skipped","seq":0,"infoMap":{}}],"media":[],"exceptions":[],"authorSet":[],"categorySet":[],"deviceSet":[],"generatedLog":[]},{"useNaturalConf":true,"startTime":"Sep 2, 2024, 8:49:25 PM","endTime":"Sep 2, 2024, 8:49:25 PM","status":"SKIP","level":3,"isLeaf":true,"name":"Then User will upload POD document","description":"stepDefinitions.StepDef_Scenario2.user_will_upload_pod_document()","bddType":"com.aventstack.extentreports.gherkin.model.Then","infoMap":{},"children":[],"logs":[{"timestamp":"Sep 2, 2024, 8:49:25 PM","status":"SKIP","details":"Step skipped","seq":0,"infoMap":{}}],"media":[],"exceptions":[],"authorSet":[],"categorySet":[],"deviceSet":[],"generatedLog":[]},{"useNaturalConf":true,"startTime":"Sep 2, 2024, 8:49:25 PM","endTime":"Sep 2, 2024, 8:49:25 PM","status":"SKIP","level":3,"isLeaf":true,"name":"And Verify Has POD column status with green tick","description":"stepDefinitions.StepDef_Scenario2.verify_has_pod_column_status_with_green_tick()","bddType":"com.aventstack.extentreports.gherkin.model.And","infoMap":{},"children":[],"logs":[{"timestamp":"Sep 2, 2024, 8:49:25 PM","status":"SKIP","details":"Step skipped","seq":0,"infoMap":{}}],"media":[],"exceptions":[],"authorSet":[],"categorySet":[],"deviceSet":[],"generatedLog":[]},{"useNaturalConf":true,"startTime":"Sep 2, 2024, 8:49:25 PM","endTime":"Sep 2, 2024, 8:49:25 PM","status":"SKIP","level":3,"isLeaf":true,"name":"And User navigate to the Receipt Tab and click on required Checkbox","description":"stepDefinitions.StepDef_Scenario2.user_navigate_to_the_receipt_tab_and_click_on_required_checkbox()","bddType":"com.aventstack.extentreports.gherkin.model.And","infoMap":{},"children":[],"logs":[{"timestamp":"Sep 2, 2024, 8:49:25 PM","status":"SKIP","details":"Step skipped","seq":0,"infoMap":{}}],"media":[],"exceptions":[],"authorSet":[],"categorySet":[],"deviceSet":[],"generatedLog":[]},{"useNaturalConf":true,"startTime":"Sep 2, 2024, 8:49:25 PM","endTime":"Sep 2, 2024, 8:49:25 PM","status":"SKIP","level":3,"isLeaf":true,"name":"Then Verify Receipted column status with green tick","description":"stepDefinitions.StepDef_Scenario2.verify_receipted_column_status_with_green_tick()","bddType":"com.aventstack.extentreports.gherkin.model.Then","infoMap":{},"children":[],"logs":[{"timestamp":"Sep 2, 2024, 8:49:25 PM","status":"SKIP","details":"Step skipped","seq":0,"infoMap":{}}],"media":[],"exceptions":[],"authorSet":[],"categorySet":[],"deviceSet":[],"generatedLog":[]},{"useNaturalConf":true,"startTime":"Sep 2, 2024, 8:49:25 PM","endTime":"Sep 2, 2024, 8:49:25 PM","status":"FAIL","level":3,"isLeaf":true,"name":"stepDefinitions.Hooks.teardown()","description":"AFTER","bddType":"com.aventstack.extentreports.gherkin.model.Asterisk","infoMap":{},"children":[],"logs":[{"timestamp":"Sep 2, 2024, 8:49:25 PM","status":"FAIL","details":"","seq":0,"infoMap":{},"exception":{"stackTrace":"org.openqa.selenium.WebDriverException: disconnected: not connected to DevTools\n  (failed to check if window was closed: disconnected: not connected to DevTools)\n  (Session info: chrome\u003d128.0.6613.86)\nBuild info: version: \u00274.23.0\u0027, revision: \u00274df0a231af\u0027\nSystem info: os.name: \u0027Windows 10\u0027, os.arch: \u0027amd64\u0027, os.version: \u002710.0\u0027, java.version: \u002717.0.12\u0027\nDriver info: org.openqa.selenium.chrome.ChromeDriver\nCommand: [6f9e6e76a1d905b772ab35e12dc742be, close {}]\nCapabilities {acceptInsecureCerts: false, browserName: chrome, browserVersion: 128.0.6613.86, chrome: {chromedriverVersion: 128.0.6613.86 (3045ed680fda..., userDataDir: C:\\Users\\NITIN~1.MOR\\AppDat...}, fedcm:accounts: true, goog:chromeOptions: {debuggerAddress: localhost:54166}, networkConnectionEnabled: false, pageLoadStrategy: normal, platformName: windows, proxy: Proxy(), se:cdp: ws://localhost:54166/devtoo..., se:cdpVersion: 128.0.6613.86, setWindowRect: true, strictFileInteractability: false, timeouts: {implicit: 0, pageLoad: 300000, script: 30000}, unhandledPromptBehavior: dismiss and notify, webauthn:extension:credBlob: true, webauthn:extension:largeBlob: true, webauthn:extension:minPinLength: true, webauthn:extension:prf: true, webauthn:virtualAuthenticators: true}\nSession ID: 6f9e6e76a1d905b772ab35e12dc742be\r\n\tat java.base/jdk.internal.reflect.NativeConstructorAccessorImpl.newInstance0(Native Method)\r\n\tat java.base/jdk.internal.reflect.NativeConstructorAccessorImpl.newInstance(NativeConstructorAccessorImpl.java:77)\r\n\tat java.base/jdk.internal.reflect.DelegatingConstructorAccessorImpl.newInstance(DelegatingConstructorAccessorImpl.java:45)\r\n\tat java.base/java.lang.reflect.Constructor.newInstanceWithCaller(Constructor.java:499)\r\n\tat java.base/java.lang.reflect.Constructor.newInstance(Constructor.java:480)\r\n\tat org.openqa.selenium.remote.ErrorCodec.decode(ErrorCodec.java:167)\r\n\tat org.openqa.selenium.remote.codec.w3c.W3CHttpResponseCodec.decode(W3CHttpResponseCodec.java:138)\r\n\tat org.openqa.selenium.remote.codec.w3c.W3CHttpResponseCodec.decode(W3CHttpResponseCodec.java:50)\r\n\tat org.openqa.selenium.remote.HttpCommandExecutor.execute(HttpCommandExecutor.java:190)\r\n\tat org.openqa.selenium.remote.service.DriverCommandExecutor.invokeExecute(DriverCommandExecutor.java:216)\r\n\tat org.openqa.selenium.remote.service.DriverCommandExecutor.execute(DriverCommandExecutor.java:174)\r\n\tat org.openqa.selenium.remote.RemoteWebDriver.execute(RemoteWebDriver.java:527)\r\n\tat org.openqa.selenium.remote.RemoteWebDriver.execute(RemoteWebDriver.java:600)\r\n\tat org.openqa.selenium.remote.RemoteWebDriver.execute(RemoteWebDriver.java:604)\r\n\tat org.openqa.selenium.remote.RemoteWebDriver.close(RemoteWebDriver.java:407)\r\n\tat stepDefinitions.Hooks.teardown(Hooks.java:53)\r\n","name":"org.openqa.selenium.WebDriverException"}}],"media":[],"exceptions":[{"stackTrace":"org.openqa.selenium.WebDriverException: disconnected: not connected to DevTools\n  (failed to check if window was closed: disconnected: not connected to DevTools)\n  (Session info: chrome\u003d128.0.6613.86)\nBuild info: version: \u00274.23.0\u0027, revision: \u00274df0a231af\u0027\nSystem info: os.name: \u0027Windows 10\u0027, os.arch: \u0027amd64\u0027, os.version: \u002710.0\u0027, java.version: \u002717.0.12\u0027\nDriver info: org.openqa.selenium.chrome.ChromeDriver\nCommand: [6f9e6e76a1d905b772ab35e12dc742be, close {}]\nCapabilities {acceptInsecureCerts: false, browserName: chrome, browserVersion: 128.0.6613.86, chrome: {chromedriverVersion: 128.0.6613.86 (3045ed680fda..., userDataDir: C:\\Users\\NITIN~1.MOR\\AppDat...}, fedcm:accounts: true, goog:chromeOptions: {debuggerAddress: localhost:54166}, networkConnectionEnabled: false, pageLoadStrategy: normal, platformName: windows, proxy: Proxy(), se:cdp: ws://localhost:54166/devtoo..., se:cdpVersion: 128.0.6613.86, setWindowRect: true, strictFileInteractability: false, timeouts: {implicit: 0, pageLoad: 300000, script: 30000}, unhandledPromptBehavior: dismiss and notify, webauthn:extension:credBlob: true, webauthn:extension:largeBlob: true, webauthn:extension:minPinLength: true, webauthn:extension:prf: true, webauthn:virtualAuthenticators: true}\nSession ID: 6f9e6e76a1d905b772ab35e12dc742be\r\n\tat java.base/jdk.internal.reflect.NativeConstructorAccessorImpl.newInstance0(Native Method)\r\n\tat java.base/jdk.internal.reflect.NativeConstructorAccessorImpl.newInstance(NativeConstructorAccessorImpl.java:77)\r\n\tat java.base/jdk.internal.reflect.DelegatingConstructorAccessorImpl.newInstance(DelegatingConstructorAccessorImpl.java:45)\r\n\tat java.base/java.lang.reflect.Constructor.newInstanceWithCaller(Constructor.java:499)\r\n\tat java.base/java.lang.reflect.Constructor.newInstance(Constructor.java:480)\r\n\tat org.openqa.selenium.remote.ErrorCodec.decode(ErrorCodec.java:167)\r\n\tat org.openqa.selenium.remote.codec.w3c.W3CHttpResponseCodec.decode(W3CHttpResponseCodec.java:138)\r\n\tat org.openqa.selenium.remote.codec.w3c.W3CHttpResponseCodec.decode(W3CHttpResponseCodec.java:50)\r\n\tat org.openqa.selenium.remote.HttpCommandExecutor.execute(HttpCommandExecutor.java:190)\r\n\tat org.openqa.selenium.remote.service.DriverCommandExecutor.invokeExecute(DriverCommandExecutor.java:216)\r\n\tat org.openqa.selenium.remote.service.DriverCommandExecutor.execute(DriverCommandExecutor.java:174)\r\n\tat org.openqa.selenium.remote.RemoteWebDriver.execute(RemoteWebDriver.java:527)\r\n\tat org.openqa.selenium.remote.RemoteWebDriver.execute(RemoteWebDriver.java:600)\r\n\tat org.openqa.selenium.remote.RemoteWebDriver.execute(RemoteWebDriver.java:604)\r\n\tat org.openqa.selenium.remote.RemoteWebDriver.close(RemoteWebDriver.java:407)\r\n\tat stepDefinitions.Hooks.teardown(Hooks.java:53)\r\n","name":"org.openqa.selenium.WebDriverException"}],"authorSet":[],"categorySet":[],"deviceSet":[],"generatedLog":[]}],"logs":[],"media":[],"exceptions":[],"authorSet":[],"categorySet":[{"name":"@EproCampaignCreation"},{"name":"@Scenario2"}],"deviceSet":[],"generatedLog":[]}],"logs":[],"media":[],"exceptions":[],"authorSet":[],"categorySet":[],"deviceSet":[],"generatedLog":[]}],"logs":[],"media":[],"exceptions":[],"authorSet":[],"categorySet":[],"deviceSet":[],"generatedLog":[]},{"useNaturalConf":true,"startTime":"Sep 2, 2024, 8:49:15 PM","endTime":"Sep 2, 2024, 8:49:26 PM","status":"FAIL","level":0,"isLeaf":false,"name":"Create a campaign","description":"","bddType":"com.aventstack.extentreports.gherkin.model.Feature","infoMap":{},"children":[{"useNaturalConf":true,"startTime":"Sep 2, 2024, 8:49:15 PM","endTime":"Sep 2, 2024, 8:49:26 PM","status":"FAIL","level":1,"isLeaf":false,"name":"Validate Draft and Final Invoice Generation","description":"\u003cbr\u003e\u003cbr\u003e\u003ctable class\u003d\u0027markup-table table \u0027\u003e\u003ctr\u003e\u003ctd\u003eUserName\u003c/td\u003e\u003ctd\u003ePassword\u003c/td\u003e\u003c/tr\u003e\u003ctr\u003e\u003ctd\u003eStaginguser_2\u003c/td\u003e\u003ctd\u003ePassword@123456\u003c/td\u003e\u003c/tr\u003e\u003c/table\u003e","bddType":"com.aventstack.extentreports.gherkin.model.ScenarioOutline","infoMap":{},"children":[{"useNaturalConf":true,"startTime":"Sep 2, 2024, 8:49:15 PM","endTime":"Sep 2, 2024, 8:49:26 PM","status":"FAIL","level":2,"isLeaf":false,"name":"Validate Draft and Final Invoice Generation","description":"","bddType":"com.aventstack.extentreports.gherkin.model.Scenario","infoMap":{},"children":[{"useNaturalConf":true,"startTime":"Sep 2, 2024, 8:49:19 PM","endTime":"Sep 2, 2024, 8:49:26 PM","status":"FAIL","level":3,"isLeaf":true,"name":"Given User launches Epro url and login with valid Staginguser_2 and Password@123456","description":"stepDefinitions.StepDef_Scenario1.User_launches_Epro_url_and_login_with_valid_staginguser_and_password(java.lang.String,java.lang.String)","bddType":"com.aventstack.extentreports.gherkin.model.Given","infoMap":{},"children":[],"logs":[{"timestamp":"Sep 2, 2024, 8:49:26 PM","status":"FAIL","details":"","seq":0,"infoMap":{},"exception":{"stackTrace":"org.openqa.selenium.NoSuchWindowException: no such window: target window already closed\nfrom unknown error: web view not found\n  (Session info: chrome\u003d128.0.6613.86)\nBuild info: version: \u00274.23.0\u0027, revision: \u00274df0a231af\u0027\nSystem info: os.name: \u0027Windows 10\u0027, os.arch: \u0027amd64\u0027, os.version: \u002710.0\u0027, java.version: \u002717.0.12\u0027\nDriver info: org.openqa.selenium.chrome.ChromeDriver\nCommand: [ad23c072b84568340f03bad75c958bd4, findElement {value\u003d//input[@id\u003d\u0027userName\u0027], using\u003dxpath}]\nCapabilities {acceptInsecureCerts: false, browserName: chrome, browserVersion: 128.0.6613.86, chrome: {chromedriverVersion: 128.0.6613.86 (3045ed680fda..., userDataDir: C:\\Users\\NITIN~1.MOR\\AppDat...}, fedcm:accounts: true, goog:chromeOptions: {debuggerAddress: localhost:54168}, networkConnectionEnabled: false, pageLoadStrategy: normal, platformName: windows, proxy: Proxy(), se:cdp: ws://localhost:54168/devtoo..., se:cdpVersion: 128.0.6613.86, setWindowRect: true, strictFileInteractability: false, timeouts: {implicit: 0, pageLoad: 300000, script: 30000}, unhandledPromptBehavior: dismiss and notify, webauthn:extension:credBlob: true, webauthn:extension:largeBlob: true, webauthn:extension:minPinLength: true, webauthn:extension:prf: true, webauthn:virtualAuthenticators: true}\nSession ID: ad23c072b84568340f03bad75c958bd4\r\n\tat java.base/jdk.internal.reflect.NativeConstructorAccessorImpl.newInstance0(Native Method)\r\n\tat java.base/jdk.internal.reflect.NativeConstructorAccessorImpl.newInstance(NativeConstructorAccessorImpl.java:77)\r\n\tat java.base/jdk.internal.reflect.DelegatingConstructorAccessorImpl.newInstance(DelegatingConstructorAccessorImpl.java:45)\r\n\tat java.base/java.lang.reflect.Constructor.newInstanceWithCaller(Constructor.java:499)\r\n\tat java.base/java.lang.reflect.Constructor.newInstance(Constructor.java:480)\r\n\tat org.openqa.selenium.remote.ErrorCodec.decode(ErrorCodec.java:167)\r\n\tat org.openqa.selenium.remote.codec.w3c.W3CHttpResponseCodec.decode(W3CHttpResponseCodec.java:138)\r\n\tat org.openqa.selenium.remote.codec.w3c.W3CHttpResponseCodec.decode(W3CHttpResponseCodec.java:50)\r\n\tat org.openqa.selenium.remote.HttpCommandExecutor.execute(HttpCommandExecutor.java:190)\r\n\tat org.openqa.selenium.remote.service.DriverCommandExecutor.invokeExecute(DriverCommandExecutor.java:216)\r\n\tat org.openqa.selenium.remote.service.DriverCommandExecutor.execute(DriverCommandExecutor.java:174)\r\n\tat org.openqa.selenium.remote.RemoteWebDriver.execute(RemoteWebDriver.java:527)\r\n\tat org.openqa.selenium.remote.ElementLocation$ElementFinder$2.findElement(ElementLocation.java:165)\r\n\tat org.openqa.selenium.remote.ElementLocation.findElement(ElementLocation.java:59)\r\n\tat org.openqa.selenium.remote.RemoteWebDriver.findElement(RemoteWebDriver.java:357)\r\n\tat org.openqa.selenium.remote.RemoteWebDriver.findElement(RemoteWebDriver.java:351)\r\n\tat org.openqa.selenium.support.pagefactory.DefaultElementLocator.findElement(DefaultElementLocator.java:68)\r\n\tat org.openqa.selenium.support.pagefactory.internal.LocatingElementHandler.invoke(LocatingElementHandler.java:38)\r\n\tat jdk.proxy2/jdk.proxy2.$Proxy32.sendKeys(Unknown Source)\r\n\tat pageObjects.EproLoginPage.EnterUsernameAndPassword(EproLoginPage.java:71)\r\n\tat stepDefinitions.StepDef_Scenario1.User_launches_Epro_url_and_login_with_valid_staginguser_and_password(StepDef_Scenario1.java:60)\r\n\tat ✽.User launches Epro url and login with valid Staginguser_2 and Password@123456(file:///C:/Users/nitin.more/git/CucumberEspire/src/test/resources/Stories/Epro2.feature:6)\r\n","name":"org.openqa.selenium.NoSuchWindowException"}}],"media":[],"exceptions":[{"stackTrace":"org.openqa.selenium.NoSuchWindowException: no such window: target window already closed\nfrom unknown error: web view not found\n  (Session info: chrome\u003d128.0.6613.86)\nBuild info: version: \u00274.23.0\u0027, revision: \u00274df0a231af\u0027\nSystem info: os.name: \u0027Windows 10\u0027, os.arch: \u0027amd64\u0027, os.version: \u002710.0\u0027, java.version: \u002717.0.12\u0027\nDriver info: org.openqa.selenium.chrome.ChromeDriver\nCommand: [ad23c072b84568340f03bad75c958bd4, findElement {value\u003d//input[@id\u003d\u0027userName\u0027], using\u003dxpath}]\nCapabilities {acceptInsecureCerts: false, browserName: chrome, browserVersion: 128.0.6613.86, chrome: {chromedriverVersion: 128.0.6613.86 (3045ed680fda..., userDataDir: C:\\Users\\NITIN~1.MOR\\AppDat...}, fedcm:accounts: true, goog:chromeOptions: {debuggerAddress: localhost:54168}, networkConnectionEnabled: false, pageLoadStrategy: normal, platformName: windows, proxy: Proxy(), se:cdp: ws://localhost:54168/devtoo..., se:cdpVersion: 128.0.6613.86, setWindowRect: true, strictFileInteractability: false, timeouts: {implicit: 0, pageLoad: 300000, script: 30000}, unhandledPromptBehavior: dismiss and notify, webauthn:extension:credBlob: true, webauthn:extension:largeBlob: true, webauthn:extension:minPinLength: true, webauthn:extension:prf: true, webauthn:virtualAuthenticators: true}\nSession ID: ad23c072b84568340f03bad75c958bd4\r\n\tat java.base/jdk.internal.reflect.NativeConstructorAccessorImpl.newInstance0(Native Method)\r\n\tat java.base/jdk.internal.reflect.NativeConstructorAccessorImpl.newInstance(NativeConstructorAccessorImpl.java:77)\r\n\tat java.base/jdk.internal.reflect.DelegatingConstructorAccessorImpl.newInstance(DelegatingConstructorAccessorImpl.java:45)\r\n\tat java.base/java.lang.reflect.Constructor.newInstanceWithCaller(Constructor.java:499)\r\n\tat java.base/java.lang.reflect.Constructor.newInstance(Constructor.java:480)\r\n\tat org.openqa.selenium.remote.ErrorCodec.decode(ErrorCodec.java:167)\r\n\tat org.openqa.selenium.remote.codec.w3c.W3CHttpResponseCodec.decode(W3CHttpResponseCodec.java:138)\r\n\tat org.openqa.selenium.remote.codec.w3c.W3CHttpResponseCodec.decode(W3CHttpResponseCodec.java:50)\r\n\tat org.openqa.selenium.remote.HttpCommandExecutor.execute(HttpCommandExecutor.java:190)\r\n\tat org.openqa.selenium.remote.service.DriverCommandExecutor.invokeExecute(DriverCommandExecutor.java:216)\r\n\tat org.openqa.selenium.remote.service.DriverCommandExecutor.execute(DriverCommandExecutor.java:174)\r\n\tat org.openqa.selenium.remote.RemoteWebDriver.execute(RemoteWebDriver.java:527)\r\n\tat org.openqa.selenium.remote.ElementLocation$ElementFinder$2.findElement(ElementLocation.java:165)\r\n\tat org.openqa.selenium.remote.ElementLocation.findElement(ElementLocation.java:59)\r\n\tat org.openqa.selenium.remote.RemoteWebDriver.findElement(RemoteWebDriver.java:357)\r\n\tat org.openqa.selenium.remote.RemoteWebDriver.findElement(RemoteWebDriver.java:351)\r\n\tat org.openqa.selenium.support.pagefactory.DefaultElementLocator.findElement(DefaultElementLocator.java:68)\r\n\tat org.openqa.selenium.support.pagefactory.internal.LocatingElementHandler.invoke(LocatingElementHandler.java:38)\r\n\tat jdk.proxy2/jdk.proxy2.$Proxy32.sendKeys(Unknown Source)\r\n\tat pageObjects.EproLoginPage.EnterUsernameAndPassword(EproLoginPage.java:71)\r\n\tat stepDefinitions.StepDef_Scenario1.User_launches_Epro_url_and_login_with_valid_staginguser_and_password(StepDef_Scenario1.java:60)\r\n\tat ✽.User launches Epro url and login with valid Staginguser_2 and Password@123456(file:///C:/Users/nitin.more/git/CucumberEspire/src/test/resources/Stories/Epro2.feature:6)\r\n","name":"org.openqa.selenium.NoSuchWindowException"}],"authorSet":[],"categorySet":[],"deviceSet":[],"generatedLog":[]},{"useNaturalConf":true,"startTime":"Sep 2, 2024, 8:49:26 PM","endTime":"Sep 2, 2024, 8:49:26 PM","status":"FAIL","level":3,"isLeaf":true,"name":"stepDefinitions.DemoQATextBoxStepDefinition.addScreenshot(io.cucumber.java.Scenario)","description":"AFTER_STEP","bddType":"com.aventstack.extentreports.gherkin.model.Asterisk","infoMap":{},"children":[],"logs":[{"timestamp":"Sep 2, 2024, 8:49:26 PM","status":"FAIL","details":"","seq":0,"infoMap":{},"exception":{"stackTrace":"org.openqa.selenium.NoSuchWindowException: no such window: target window already closed\nfrom unknown error: web view not found\n  (Session info: chrome\u003d128.0.6613.86)\nBuild info: version: \u00274.23.0\u0027, revision: \u00274df0a231af\u0027\nSystem info: os.name: \u0027Windows 10\u0027, os.arch: \u0027amd64\u0027, os.version: \u002710.0\u0027, java.version: \u002717.0.12\u0027\nDriver info: org.openqa.selenium.chrome.ChromeDriver\nCommand: [ad23c072b84568340f03bad75c958bd4, screenshot {}]\nCapabilities {acceptInsecureCerts: false, browserName: chrome, browserVersion: 128.0.6613.86, chrome: {chromedriverVersion: 128.0.6613.86 (3045ed680fda..., userDataDir: C:\\Users\\NITIN~1.MOR\\AppDat...}, fedcm:accounts: true, goog:chromeOptions: {debuggerAddress: localhost:54168}, networkConnectionEnabled: false, pageLoadStrategy: normal, platformName: windows, proxy: Proxy(), se:cdp: ws://localhost:54168/devtoo..., se:cdpVersion: 128.0.6613.86, setWindowRect: true, strictFileInteractability: false, timeouts: {implicit: 0, pageLoad: 300000, script: 30000}, unhandledPromptBehavior: dismiss and notify, webauthn:extension:credBlob: true, webauthn:extension:largeBlob: true, webauthn:extension:minPinLength: true, webauthn:extension:prf: true, webauthn:virtualAuthenticators: true}\nSession ID: ad23c072b84568340f03bad75c958bd4\r\n\tat java.base/jdk.internal.reflect.NativeConstructorAccessorImpl.newInstance0(Native Method)\r\n\tat java.base/jdk.internal.reflect.NativeConstructorAccessorImpl.newInstance(NativeConstructorAccessorImpl.java:77)\r\n\tat java.base/jdk.internal.reflect.DelegatingConstructorAccessorImpl.newInstance(DelegatingConstructorAccessorImpl.java:45)\r\n\tat java.base/java.lang.reflect.Constructor.newInstanceWithCaller(Constructor.java:499)\r\n\tat java.base/java.lang.reflect.Constructor.newInstance(Constructor.java:480)\r\n\tat org.openqa.selenium.remote.ErrorCodec.decode(ErrorCodec.java:167)\r\n\tat org.openqa.selenium.remote.codec.w3c.W3CHttpResponseCodec.decode(W3CHttpResponseCodec.java:138)\r\n\tat org.openqa.selenium.remote.codec.w3c.W3CHttpResponseCodec.decode(W3CHttpResponseCodec.java:50)\r\n\tat org.openqa.selenium.remote.HttpCommandExecutor.execute(HttpCommandExecutor.java:190)\r\n\tat org.openqa.selenium.remote.service.DriverCommandExecutor.invokeExecute(DriverCommandExecutor.java:216)\r\n\tat org.openqa.selenium.remote.service.DriverCommandExecutor.execute(DriverCommandExecutor.java:174)\r\n\tat org.openqa.selenium.remote.RemoteWebDriver.execute(RemoteWebDriver.java:527)\r\n\tat org.openqa.selenium.remote.RemoteWebDriver.execute(RemoteWebDriver.java:600)\r\n\tat org.openqa.selenium.remote.RemoteWebDriver.execute(RemoteWebDriver.java:604)\r\n\tat org.openqa.selenium.remote.RemoteWebDriver.getScreenshotAs(RemoteWebDriver.java:323)\r\n\tat stepDefinitions.DemoQATextBoxStepDefinition.addScreenshot(DemoQATextBoxStepDefinition.java:95)\r\n","name":"org.openqa.selenium.NoSuchWindowException"}}],"media":[],"exceptions":[{"stackTrace":"org.openqa.selenium.NoSuchWindowException: no such window: target window already closed\nfrom unknown error: web view not found\n  (Session info: chrome\u003d128.0.6613.86)\nBuild info: version: \u00274.23.0\u0027, revision: \u00274df0a231af\u0027\nSystem info: os.name: \u0027Windows 10\u0027, os.arch: \u0027amd64\u0027, os.version: \u002710.0\u0027, java.version: \u002717.0.12\u0027\nDriver info: org.openqa.selenium.chrome.ChromeDriver\nCommand: [ad23c072b84568340f03bad75c958bd4, screenshot {}]\nCapabilities {acceptInsecureCerts: false, browserName: chrome, browserVersion: 128.0.6613.86, chrome: {chromedriverVersion: 128.0.6613.86 (3045ed680fda..., userDataDir: C:\\Users\\NITIN~1.MOR\\AppDat...}, fedcm:accounts: true, goog:chromeOptions: {debuggerAddress: localhost:54168}, networkConnectionEnabled: false, pageLoadStrategy: normal, platformName: windows, proxy: Proxy(), se:cdp: ws://localhost:54168/devtoo..., se:cdpVersion: 128.0.6613.86, setWindowRect: true, strictFileInteractability: false, timeouts: {implicit: 0, pageLoad: 300000, script: 30000}, unhandledPromptBehavior: dismiss and notify, webauthn:extension:credBlob: true, webauthn:extension:largeBlob: true, webauthn:extension:minPinLength: true, webauthn:extension:prf: true, webauthn:virtualAuthenticators: true}\nSession ID: ad23c072b84568340f03bad75c958bd4\r\n\tat java.base/jdk.internal.reflect.NativeConstructorAccessorImpl.newInstance0(Native Method)\r\n\tat java.base/jdk.internal.reflect.NativeConstructorAccessorImpl.newInstance(NativeConstructorAccessorImpl.java:77)\r\n\tat java.base/jdk.internal.reflect.DelegatingConstructorAccessorImpl.newInstance(DelegatingConstructorAccessorImpl.java:45)\r\n\tat java.base/java.lang.reflect.Constructor.newInstanceWithCaller(Constructor.java:499)\r\n\tat java.base/java.lang.reflect.Constructor.newInstance(Constructor.java:480)\r\n\tat org.openqa.selenium.remote.ErrorCodec.decode(ErrorCodec.java:167)\r\n\tat org.openqa.selenium.remote.codec.w3c.W3CHttpResponseCodec.decode(W3CHttpResponseCodec.java:138)\r\n\tat org.openqa.selenium.remote.codec.w3c.W3CHttpResponseCodec.decode(W3CHttpResponseCodec.java:50)\r\n\tat org.openqa.selenium.remote.HttpCommandExecutor.execute(HttpCommandExecutor.java:190)\r\n\tat org.openqa.selenium.remote.service.DriverCommandExecutor.invokeExecute(DriverCommandExecutor.java:216)\r\n\tat org.openqa.selenium.remote.service.DriverCommandExecutor.execute(DriverCommandExecutor.java:174)\r\n\tat org.openqa.selenium.remote.RemoteWebDriver.execute(RemoteWebDriver.java:527)\r\n\tat org.openqa.selenium.remote.RemoteWebDriver.execute(RemoteWebDriver.java:600)\r\n\tat org.openqa.selenium.remote.RemoteWebDriver.execute(RemoteWebDriver.java:604)\r\n\tat org.openqa.selenium.remote.RemoteWebDriver.getScreenshotAs(RemoteWebDriver.java:323)\r\n\tat stepDefinitions.DemoQATextBoxStepDefinition.addScreenshot(DemoQATextBoxStepDefinition.java:95)\r\n","name":"org.openqa.selenium.NoSuchWindowException"}],"authorSet":[],"categorySet":[],"deviceSet":[],"generatedLog":[]},{"useNaturalConf":true,"startTime":"Sep 2, 2024, 8:49:26 PM","endTime":"Sep 2, 2024, 8:49:26 PM","status":"SKIP","level":3,"isLeaf":true,"name":"And User get the Campaign id for PO Receipted and navigate to Sales Order page","description":"stepDefinitions.StepDef_Scenario3.User_get_the_Campaign_id_for_PO_Receipted_and_navigate_to_Sales_Order_page()","bddType":"com.aventstack.extentreports.gherkin.model.And","infoMap":{},"children":[],"logs":[{"timestamp":"Sep 2, 2024, 8:49:26 PM","status":"SKIP","details":"Step skipped","seq":0,"infoMap":{}}],"media":[],"exceptions":[],"authorSet":[],"categorySet":[],"deviceSet":[],"generatedLog":[]},{"useNaturalConf":true,"startTime":"Sep 2, 2024, 8:49:26 PM","endTime":"Sep 2, 2024, 8:49:26 PM","status":"SKIP","level":3,"isLeaf":true,"name":"Then User will Create Draft Invoice","description":"stepDefinitions.StepDef_Scenario3.user_will_create_draft_invoice()","bddType":"com.aventstack.extentreports.gherkin.model.Then","infoMap":{},"children":[],"logs":[{"timestamp":"Sep 2, 2024, 8:49:26 PM","status":"SKIP","details":"Step skipped","seq":0,"infoMap":{}}],"media":[],"exceptions":[],"authorSet":[],"categorySet":[],"deviceSet":[],"generatedLog":[]},{"useNaturalConf":true,"startTime":"Sep 2, 2024, 8:49:26 PM","endTime":"Sep 2, 2024, 8:49:26 PM","status":"SKIP","level":3,"isLeaf":true,"name":"And Click on Finance and navigate to Sales Invoice","description":"stepDefinitions.StepDef_Scenario3.click_on_finance_and_navigate_to_sales_invoice()","bddType":"com.aventstack.extentreports.gherkin.model.And","infoMap":{},"children":[],"logs":[{"timestamp":"Sep 2, 2024, 8:49:26 PM","status":"SKIP","details":"Step skipped","seq":0,"infoMap":{}}],"media":[],"exceptions":[],"authorSet":[],"categorySet":[],"deviceSet":[],"generatedLog":[]},{"useNaturalConf":true,"startTime":"Sep 2, 2024, 8:49:26 PM","endTime":"Sep 2, 2024, 8:49:26 PM","status":"SKIP","level":3,"isLeaf":true,"name":"And Click on resepctive Invoice number (Manage Invoice)","description":"stepDefinitions.StepDef_Scenario3.click_on_resepctive_invoice_number_manage_invoice()","bddType":"com.aventstack.extentreports.gherkin.model.And","infoMap":{},"children":[],"logs":[{"timestamp":"Sep 2, 2024, 8:49:26 PM","status":"SKIP","details":"Step skipped","seq":0,"infoMap":{}}],"media":[],"exceptions":[],"authorSet":[],"categorySet":[],"deviceSet":[],"generatedLog":[]},{"useNaturalConf":true,"startTime":"Sep 2, 2024, 8:49:26 PM","endTime":"Sep 2, 2024, 8:49:26 PM","status":"SKIP","level":3,"isLeaf":true,"name":"Then User will send Final Invoice to customer","description":"stepDefinitions.StepDef_Scenario3.user_will_send_final_invoice_to_customer()","bddType":"com.aventstack.extentreports.gherkin.model.Then","infoMap":{},"children":[],"logs":[{"timestamp":"Sep 2, 2024, 8:49:26 PM","status":"SKIP","details":"Step skipped","seq":0,"infoMap":{}}],"media":[],"exceptions":[],"authorSet":[],"categorySet":[],"deviceSet":[],"generatedLog":[]},{"useNaturalConf":true,"startTime":"Sep 2, 2024, 8:49:26 PM","endTime":"Sep 2, 2024, 8:49:26 PM","status":"FAIL","level":3,"isLeaf":true,"name":"stepDefinitions.Hooks.teardown()","description":"AFTER","bddType":"com.aventstack.extentreports.gherkin.model.Asterisk","infoMap":{},"children":[],"logs":[{"timestamp":"Sep 2, 2024, 8:49:26 PM","status":"FAIL","details":"","seq":0,"infoMap":{},"exception":{"stackTrace":"org.openqa.selenium.WebDriverException: disconnected: not connected to DevTools\n  (failed to check if window was closed: disconnected: not connected to DevTools)\n  (Session info: chrome\u003d128.0.6613.86)\nBuild info: version: \u00274.23.0\u0027, revision: \u00274df0a231af\u0027\nSystem info: os.name: \u0027Windows 10\u0027, os.arch: \u0027amd64\u0027, os.version: \u002710.0\u0027, java.version: \u002717.0.12\u0027\nDriver info: org.openqa.selenium.chrome.ChromeDriver\nCommand: [ad23c072b84568340f03bad75c958bd4, close {}]\nCapabilities {acceptInsecureCerts: false, browserName: chrome, browserVersion: 128.0.6613.86, chrome: {chromedriverVersion: 128.0.6613.86 (3045ed680fda..., userDataDir: C:\\Users\\NITIN~1.MOR\\AppDat...}, fedcm:accounts: true, goog:chromeOptions: {debuggerAddress: localhost:54168}, networkConnectionEnabled: false, pageLoadStrategy: normal, platformName: windows, proxy: Proxy(), se:cdp: ws://localhost:54168/devtoo..., se:cdpVersion: 128.0.6613.86, setWindowRect: true, strictFileInteractability: false, timeouts: {implicit: 0, pageLoad: 300000, script: 30000}, unhandledPromptBehavior: dismiss and notify, webauthn:extension:credBlob: true, webauthn:extension:largeBlob: true, webauthn:extension:minPinLength: true, webauthn:extension:prf: true, webauthn:virtualAuthenticators: true}\nSession ID: ad23c072b84568340f03bad75c958bd4\r\n\tat java.base/jdk.internal.reflect.NativeConstructorAccessorImpl.newInstance0(Native Method)\r\n\tat java.base/jdk.internal.reflect.NativeConstructorAccessorImpl.newInstance(NativeConstructorAccessorImpl.java:77)\r\n\tat java.base/jdk.internal.reflect.DelegatingConstructorAccessorImpl.newInstance(DelegatingConstructorAccessorImpl.java:45)\r\n\tat java.base/java.lang.reflect.Constructor.newInstanceWithCaller(Constructor.java:499)\r\n\tat java.base/java.lang.reflect.Constructor.newInstance(Constructor.java:480)\r\n\tat org.openqa.selenium.remote.ErrorCodec.decode(ErrorCodec.java:167)\r\n\tat org.openqa.selenium.remote.codec.w3c.W3CHttpResponseCodec.decode(W3CHttpResponseCodec.java:138)\r\n\tat org.openqa.selenium.remote.codec.w3c.W3CHttpResponseCodec.decode(W3CHttpResponseCodec.java:50)\r\n\tat org.openqa.selenium.remote.HttpCommandExecutor.execute(HttpCommandExecutor.java:190)\r\n\tat org.openqa.selenium.remote.service.DriverCommandExecutor.invokeExecute(DriverCommandExecutor.java:216)\r\n\tat org.openqa.selenium.remote.service.DriverCommandExecutor.execute(DriverCommandExecutor.java:174)\r\n\tat org.openqa.selenium.remote.RemoteWebDriver.execute(RemoteWebDriver.java:527)\r\n\tat org.openqa.selenium.remote.RemoteWebDriver.execute(RemoteWebDriver.java:600)\r\n\tat org.openqa.selenium.remote.RemoteWebDriver.execute(RemoteWebDriver.java:604)\r\n\tat org.openqa.selenium.remote.RemoteWebDriver.close(RemoteWebDriver.java:407)\r\n\tat stepDefinitions.Hooks.teardown(Hooks.java:53)\r\n","name":"org.openqa.selenium.WebDriverException"}}],"media":[],"exceptions":[{"stackTrace":"org.openqa.selenium.WebDriverException: disconnected: not connected to DevTools\n  (failed to check if window was closed: disconnected: not connected to DevTools)\n  (Session info: chrome\u003d128.0.6613.86)\nBuild info: version: \u00274.23.0\u0027, revision: \u00274df0a231af\u0027\nSystem info: os.name: \u0027Windows 10\u0027, os.arch: \u0027amd64\u0027, os.version: \u002710.0\u0027, java.version: \u002717.0.12\u0027\nDriver info: org.openqa.selenium.chrome.ChromeDriver\nCommand: [ad23c072b84568340f03bad75c958bd4, close {}]\nCapabilities {acceptInsecureCerts: false, browserName: chrome, browserVersion: 128.0.6613.86, chrome: {chromedriverVersion: 128.0.6613.86 (3045ed680fda..., userDataDir: C:\\Users\\NITIN~1.MOR\\AppDat...}, fedcm:accounts: true, goog:chromeOptions: {debuggerAddress: localhost:54168}, networkConnectionEnabled: false, pageLoadStrategy: normal, platformName: windows, proxy: Proxy(), se:cdp: ws://localhost:54168/devtoo..., se:cdpVersion: 128.0.6613.86, setWindowRect: true, strictFileInteractability: false, timeouts: {implicit: 0, pageLoad: 300000, script: 30000}, unhandledPromptBehavior: dismiss and notify, webauthn:extension:credBlob: true, webauthn:extension:largeBlob: true, webauthn:extension:minPinLength: true, webauthn:extension:prf: true, webauthn:virtualAuthenticators: true}\nSession ID: ad23c072b84568340f03bad75c958bd4\r\n\tat java.base/jdk.internal.reflect.NativeConstructorAccessorImpl.newInstance0(Native Method)\r\n\tat java.base/jdk.internal.reflect.NativeConstructorAccessorImpl.newInstance(NativeConstructorAccessorImpl.java:77)\r\n\tat java.base/jdk.internal.reflect.DelegatingConstructorAccessorImpl.newInstance(DelegatingConstructorAccessorImpl.java:45)\r\n\tat java.base/java.lang.reflect.Constructor.newInstanceWithCaller(Constructor.java:499)\r\n\tat java.base/java.lang.reflect.Constructor.newInstance(Constructor.java:480)\r\n\tat org.openqa.selenium.remote.ErrorCodec.decode(ErrorCodec.java:167)\r\n\tat org.openqa.selenium.remote.codec.w3c.W3CHttpResponseCodec.decode(W3CHttpResponseCodec.java:138)\r\n\tat org.openqa.selenium.remote.codec.w3c.W3CHttpResponseCodec.decode(W3CHttpResponseCodec.java:50)\r\n\tat org.openqa.selenium.remote.HttpCommandExecutor.execute(HttpCommandExecutor.java:190)\r\n\tat org.openqa.selenium.remote.service.DriverCommandExecutor.invokeExecute(DriverCommandExecutor.java:216)\r\n\tat org.openqa.selenium.remote.service.DriverCommandExecutor.execute(DriverCommandExecutor.java:174)\r\n\tat org.openqa.selenium.remote.RemoteWebDriver.execute(RemoteWebDriver.java:527)\r\n\tat org.openqa.selenium.remote.RemoteWebDriver.execute(RemoteWebDriver.java:600)\r\n\tat org.openqa.selenium.remote.RemoteWebDriver.execute(RemoteWebDriver.java:604)\r\n\tat org.openqa.selenium.remote.RemoteWebDriver.close(RemoteWebDriver.java:407)\r\n\tat stepDefinitions.Hooks.teardown(Hooks.java:53)\r\n","name":"org.openqa.selenium.WebDriverException"}],"authorSet":[],"categorySet":[],"deviceSet":[],"generatedLog":[]}],"logs":[],"media":[],"exceptions":[],"authorSet":[],"categorySet":[{"name":"@EproCampaignCreation"},{"name":"@Scenario3"}],"deviceSet":[],"generatedLog":[]}],"logs":[],"media":[],"exceptions":[],"authorSet":[],"categorySet":[],"deviceSet":[],"generatedLog":[]}],"logs":[],"media":[],"exceptions":[],"authorSet":[],"categorySet":[],"deviceSet":[],"generatedLog":[]},{"useNaturalConf":true,"startTime":"Sep 2, 2024, 8:49:15 PM","endTime":"Sep 2, 2024, 8:49:24 PM","status":"FAIL","level":0,"isLeaf":false,"name":"Create a campaign","description":"","bddType":"com.aventstack.extentreports.gherkin.model.Feature","infoMap":{},"children":[{"useNaturalConf":true,"startTime":"Sep 2, 2024, 8:49:15 PM","endTime":"Sep 2, 2024, 8:49:24 PM","status":"FAIL","level":1,"isLeaf":false,"name":"Validate Create Campaign and Assign Supplier","description":"\u003cbr\u003e\u003cbr\u003e\u003ctable class\u003d\u0027markup-table table \u0027\u003e\u003ctr\u003e\u003ctd\u003eUserName\u003c/td\u003e\u003ctd\u003ePassword\u003c/td\u003e\u003c/tr\u003e\u003ctr\u003e\u003ctd\u003eStaginguser_2\u003c/td\u003e\u003ctd\u003ePassword@123456\u003c/td\u003e\u003c/tr\u003e\u003c/table\u003e","bddType":"com.aventstack.extentreports.gherkin.model.ScenarioOutline","infoMap":{},"children":[{"useNaturalConf":true,"startTime":"Sep 2, 2024, 8:49:15 PM","endTime":"Sep 2, 2024, 8:49:24 PM","status":"FAIL","level":2,"isLeaf":false,"name":"Validate Create Campaign and Assign Supplier","description":"","bddType":"com.aventstack.extentreports.gherkin.model.Scenario","infoMap":{},"children":[{"useNaturalConf":true,"startTime":"Sep 2, 2024, 8:49:19 PM","endTime":"Sep 2, 2024, 8:49:24 PM","status":"FAIL","level":3,"isLeaf":true,"name":"Given User launches Epro url and login with valid Staginguser_2 and Password@123456","description":"stepDefinitions.StepDef_Scenario1.User_launches_Epro_url_and_login_with_valid_staginguser_and_password(java.lang.String,java.lang.String)","bddType":"com.aventstack.extentreports.gherkin.model.Given","infoMap":{},"children":[],"logs":[{"timestamp":"Sep 2, 2024, 8:49:24 PM","status":"FAIL","details":"","seq":0,"infoMap":{},"exception":{"stackTrace":"org.openqa.selenium.NoSuchWindowException: no such window: target window already closed\nfrom unknown error: web view not found\n  (Session info: chrome\u003d128.0.6613.86)\nBuild info: version: \u00274.23.0\u0027, revision: \u00274df0a231af\u0027\nSystem info: os.name: \u0027Windows 10\u0027, os.arch: \u0027amd64\u0027, os.version: \u002710.0\u0027, java.version: \u002717.0.12\u0027\nDriver info: org.openqa.selenium.chrome.ChromeDriver\nCommand: [703170950b4d35394fead233f31fe27e, findElement {value\u003d//input[@id\u003d\u0027userName\u0027], using\u003dxpath}]\nCapabilities {acceptInsecureCerts: false, browserName: chrome, browserVersion: 128.0.6613.86, chrome: {chromedriverVersion: 128.0.6613.86 (3045ed680fda..., userDataDir: C:\\Users\\NITIN~1.MOR\\AppDat...}, fedcm:accounts: true, goog:chromeOptions: {debuggerAddress: localhost:54165}, networkConnectionEnabled: false, pageLoadStrategy: normal, platformName: windows, proxy: Proxy(), se:cdp: ws://localhost:54165/devtoo..., se:cdpVersion: 128.0.6613.86, setWindowRect: true, strictFileInteractability: false, timeouts: {implicit: 0, pageLoad: 300000, script: 30000}, unhandledPromptBehavior: dismiss and notify, webauthn:extension:credBlob: true, webauthn:extension:largeBlob: true, webauthn:extension:minPinLength: true, webauthn:extension:prf: true, webauthn:virtualAuthenticators: true}\nSession ID: 703170950b4d35394fead233f31fe27e\r\n\tat java.base/jdk.internal.reflect.NativeConstructorAccessorImpl.newInstance0(Native Method)\r\n\tat java.base/jdk.internal.reflect.NativeConstructorAccessorImpl.newInstance(NativeConstructorAccessorImpl.java:77)\r\n\tat java.base/jdk.internal.reflect.DelegatingConstructorAccessorImpl.newInstance(DelegatingConstructorAccessorImpl.java:45)\r\n\tat java.base/java.lang.reflect.Constructor.newInstanceWithCaller(Constructor.java:499)\r\n\tat java.base/java.lang.reflect.Constructor.newInstance(Constructor.java:480)\r\n\tat org.openqa.selenium.remote.ErrorCodec.decode(ErrorCodec.java:167)\r\n\tat org.openqa.selenium.remote.codec.w3c.W3CHttpResponseCodec.decode(W3CHttpResponseCodec.java:138)\r\n\tat org.openqa.selenium.remote.codec.w3c.W3CHttpResponseCodec.decode(W3CHttpResponseCodec.java:50)\r\n\tat org.openqa.selenium.remote.HttpCommandExecutor.execute(HttpCommandExecutor.java:190)\r\n\tat org.openqa.selenium.remote.service.DriverCommandExecutor.invokeExecute(DriverCommandExecutor.java:216)\r\n\tat org.openqa.selenium.remote.service.DriverCommandExecutor.execute(DriverCommandExecutor.java:174)\r\n\tat org.openqa.selenium.remote.RemoteWebDriver.execute(RemoteWebDriver.java:527)\r\n\tat org.openqa.selenium.remote.ElementLocation$ElementFinder$2.findElement(ElementLocation.java:165)\r\n\tat org.openqa.selenium.remote.ElementLocation.findElement(ElementLocation.java:59)\r\n\tat org.openqa.selenium.remote.RemoteWebDriver.findElement(RemoteWebDriver.java:357)\r\n\tat org.openqa.selenium.remote.RemoteWebDriver.findElement(RemoteWebDriver.java:351)\r\n\tat org.openqa.selenium.support.pagefactory.DefaultElementLocator.findElement(DefaultElementLocator.java:68)\r\n\tat org.openqa.selenium.support.pagefactory.internal.LocatingElementHandler.invoke(LocatingElementHandler.java:38)\r\n\tat jdk.proxy2/jdk.proxy2.$Proxy32.sendKeys(Unknown Source)\r\n\tat pageObjects.EproLoginPage.EnterUsernameAndPassword(EproLoginPage.java:71)\r\n\tat stepDefinitions.StepDef_Scenario1.User_launches_Epro_url_and_login_with_valid_staginguser_and_password(StepDef_Scenario1.java:60)\r\n\tat ✽.User launches Epro url and login with valid Staginguser_2 and Password@123456(file:///C:/Users/nitin.more/git/CucumberEspire/src/test/resources/Stories/Epro.feature:6)\r\n","name":"org.openqa.selenium.NoSuchWindowException"}}],"media":[],"exceptions":[{"stackTrace":"org.openqa.selenium.NoSuchWindowException: no such window: target window already closed\nfrom unknown error: web view not found\n  (Session info: chrome\u003d128.0.6613.86)\nBuild info: version: \u00274.23.0\u0027, revision: \u00274df0a231af\u0027\nSystem info: os.name: \u0027Windows 10\u0027, os.arch: \u0027amd64\u0027, os.version: \u002710.0\u0027, java.version: \u002717.0.12\u0027\nDriver info: org.openqa.selenium.chrome.ChromeDriver\nCommand: [703170950b4d35394fead233f31fe27e, findElement {value\u003d//input[@id\u003d\u0027userName\u0027], using\u003dxpath}]\nCapabilities {acceptInsecureCerts: false, browserName: chrome, browserVersion: 128.0.6613.86, chrome: {chromedriverVersion: 128.0.6613.86 (3045ed680fda..., userDataDir: C:\\Users\\NITIN~1.MOR\\AppDat...}, fedcm:accounts: true, goog:chromeOptions: {debuggerAddress: localhost:54165}, networkConnectionEnabled: false, pageLoadStrategy: normal, platformName: windows, proxy: Proxy(), se:cdp: ws://localhost:54165/devtoo..., se:cdpVersion: 128.0.6613.86, setWindowRect: true, strictFileInteractability: false, timeouts: {implicit: 0, pageLoad: 300000, script: 30000}, unhandledPromptBehavior: dismiss and notify, webauthn:extension:credBlob: true, webauthn:extension:largeBlob: true, webauthn:extension:minPinLength: true, webauthn:extension:prf: true, webauthn:virtualAuthenticators: true}\nSession ID: 703170950b4d35394fead233f31fe27e\r\n\tat java.base/jdk.internal.reflect.NativeConstructorAccessorImpl.newInstance0(Native Method)\r\n\tat java.base/jdk.internal.reflect.NativeConstructorAccessorImpl.newInstance(NativeConstructorAccessorImpl.java:77)\r\n\tat java.base/jdk.internal.reflect.DelegatingConstructorAccessorImpl.newInstance(DelegatingConstructorAccessorImpl.java:45)\r\n\tat java.base/java.lang.reflect.Constructor.newInstanceWithCaller(Constructor.java:499)\r\n\tat java.base/java.lang.reflect.Constructor.newInstance(Constructor.java:480)\r\n\tat org.openqa.selenium.remote.ErrorCodec.decode(ErrorCodec.java:167)\r\n\tat org.openqa.selenium.remote.codec.w3c.W3CHttpResponseCodec.decode(W3CHttpResponseCodec.java:138)\r\n\tat org.openqa.selenium.remote.codec.w3c.W3CHttpResponseCodec.decode(W3CHttpResponseCodec.java:50)\r\n\tat org.openqa.selenium.remote.HttpCommandExecutor.execute(HttpCommandExecutor.java:190)\r\n\tat org.openqa.selenium.remote.service.DriverCommandExecutor.invokeExecute(DriverCommandExecutor.java:216)\r\n\tat org.openqa.selenium.remote.service.DriverCommandExecutor.execute(DriverCommandExecutor.java:174)\r\n\tat org.openqa.selenium.remote.RemoteWebDriver.execute(RemoteWebDriver.java:527)\r\n\tat org.openqa.selenium.remote.ElementLocation$ElementFinder$2.findElement(ElementLocation.java:165)\r\n\tat org.openqa.selenium.remote.ElementLocation.findElement(ElementLocation.java:59)\r\n\tat org.openqa.selenium.remote.RemoteWebDriver.findElement(RemoteWebDriver.java:357)\r\n\tat org.openqa.selenium.remote.RemoteWebDriver.findElement(RemoteWebDriver.java:351)\r\n\tat org.openqa.selenium.support.pagefactory.DefaultElementLocator.findElement(DefaultElementLocator.java:68)\r\n\tat org.openqa.selenium.support.pagefactory.internal.LocatingElementHandler.invoke(LocatingElementHandler.java:38)\r\n\tat jdk.proxy2/jdk.proxy2.$Proxy32.sendKeys(Unknown Source)\r\n\tat pageObjects.EproLoginPage.EnterUsernameAndPassword(EproLoginPage.java:71)\r\n\tat stepDefinitions.StepDef_Scenario1.User_launches_Epro_url_and_login_with_valid_staginguser_and_password(StepDef_Scenario1.java:60)\r\n\tat ✽.User launches Epro url and login with valid Staginguser_2 and Password@123456(file:///C:/Users/nitin.more/git/CucumberEspire/src/test/resources/Stories/Epro.feature:6)\r\n","name":"org.openqa.selenium.NoSuchWindowException"}],"authorSet":[],"categorySet":[],"deviceSet":[],"generatedLog":[]},{"useNaturalConf":true,"startTime":"Sep 2, 2024, 8:49:24 PM","endTime":"Sep 2, 2024, 8:49:24 PM","status":"FAIL","level":3,"isLeaf":true,"name":"stepDefinitions.DemoQATextBoxStepDefinition.addScreenshot(io.cucumber.java.Scenario)","description":"AFTER_STEP","bddType":"com.aventstack.extentreports.gherkin.model.Asterisk","infoMap":{},"children":[],"logs":[{"timestamp":"Sep 2, 2024, 8:49:24 PM","status":"FAIL","details":"","seq":0,"infoMap":{},"exception":{"stackTrace":"org.openqa.selenium.NoSuchWindowException: no such window: target window already closed\nfrom unknown error: web view not found\n  (Session info: chrome\u003d128.0.6613.86)\nBuild info: version: \u00274.23.0\u0027, revision: \u00274df0a231af\u0027\nSystem info: os.name: \u0027Windows 10\u0027, os.arch: \u0027amd64\u0027, os.version: \u002710.0\u0027, java.version: \u002717.0.12\u0027\nDriver info: org.openqa.selenium.chrome.ChromeDriver\nCommand: [703170950b4d35394fead233f31fe27e, screenshot {}]\nCapabilities {acceptInsecureCerts: false, browserName: chrome, browserVersion: 128.0.6613.86, chrome: {chromedriverVersion: 128.0.6613.86 (3045ed680fda..., userDataDir: C:\\Users\\NITIN~1.MOR\\AppDat...}, fedcm:accounts: true, goog:chromeOptions: {debuggerAddress: localhost:54165}, networkConnectionEnabled: false, pageLoadStrategy: normal, platformName: windows, proxy: Proxy(), se:cdp: ws://localhost:54165/devtoo..., se:cdpVersion: 128.0.6613.86, setWindowRect: true, strictFileInteractability: false, timeouts: {implicit: 0, pageLoad: 300000, script: 30000}, unhandledPromptBehavior: dismiss and notify, webauthn:extension:credBlob: true, webauthn:extension:largeBlob: true, webauthn:extension:minPinLength: true, webauthn:extension:prf: true, webauthn:virtualAuthenticators: true}\nSession ID: 703170950b4d35394fead233f31fe27e\r\n\tat java.base/jdk.internal.reflect.NativeConstructorAccessorImpl.newInstance0(Native Method)\r\n\tat java.base/jdk.internal.reflect.NativeConstructorAccessorImpl.newInstance(NativeConstructorAccessorImpl.java:77)\r\n\tat java.base/jdk.internal.reflect.DelegatingConstructorAccessorImpl.newInstance(DelegatingConstructorAccessorImpl.java:45)\r\n\tat java.base/java.lang.reflect.Constructor.newInstanceWithCaller(Constructor.java:499)\r\n\tat java.base/java.lang.reflect.Constructor.newInstance(Constructor.java:480)\r\n\tat org.openqa.selenium.remote.ErrorCodec.decode(ErrorCodec.java:167)\r\n\tat org.openqa.selenium.remote.codec.w3c.W3CHttpResponseCodec.decode(W3CHttpResponseCodec.java:138)\r\n\tat org.openqa.selenium.remote.codec.w3c.W3CHttpResponseCodec.decode(W3CHttpResponseCodec.java:50)\r\n\tat org.openqa.selenium.remote.HttpCommandExecutor.execute(HttpCommandExecutor.java:190)\r\n\tat org.openqa.selenium.remote.service.DriverCommandExecutor.invokeExecute(DriverCommandExecutor.java:216)\r\n\tat org.openqa.selenium.remote.service.DriverCommandExecutor.execute(DriverCommandExecutor.java:174)\r\n\tat org.openqa.selenium.remote.RemoteWebDriver.execute(RemoteWebDriver.java:527)\r\n\tat org.openqa.selenium.remote.RemoteWebDriver.execute(RemoteWebDriver.java:600)\r\n\tat org.openqa.selenium.remote.RemoteWebDriver.execute(RemoteWebDriver.java:604)\r\n\tat org.openqa.selenium.remote.RemoteWebDriver.getScreenshotAs(RemoteWebDriver.java:323)\r\n\tat stepDefinitions.DemoQATextBoxStepDefinition.addScreenshot(DemoQATextBoxStepDefinition.java:95)\r\n","name":"org.openqa.selenium.NoSuchWindowException"}}],"media":[],"exceptions":[{"stackTrace":"org.openqa.selenium.NoSuchWindowException: no such window: target window already closed\nfrom unknown error: web view not found\n  (Session info: chrome\u003d128.0.6613.86)\nBuild info: version: \u00274.23.0\u0027, revision: \u00274df0a231af\u0027\nSystem info: os.name: \u0027Windows 10\u0027, os.arch: \u0027amd64\u0027, os.version: \u002710.0\u0027, java.version: \u002717.0.12\u0027\nDriver info: org.openqa.selenium.chrome.ChromeDriver\nCommand: [703170950b4d35394fead233f31fe27e, screenshot {}]\nCapabilities {acceptInsecureCerts: false, browserName: chrome, browserVersion: 128.0.6613.86, chrome: {chromedriverVersion: 128.0.6613.86 (3045ed680fda..., userDataDir: C:\\Users\\NITIN~1.MOR\\AppDat...}, fedcm:accounts: true, goog:chromeOptions: {debuggerAddress: localhost:54165}, networkConnectionEnabled: false, pageLoadStrategy: normal, platformName: windows, proxy: Proxy(), se:cdp: ws://localhost:54165/devtoo..., se:cdpVersion: 128.0.6613.86, setWindowRect: true, strictFileInteractability: false, timeouts: {implicit: 0, pageLoad: 300000, script: 30000}, unhandledPromptBehavior: dismiss and notify, webauthn:extension:credBlob: true, webauthn:extension:largeBlob: true, webauthn:extension:minPinLength: true, webauthn:extension:prf: true, webauthn:virtualAuthenticators: true}\nSession ID: 703170950b4d35394fead233f31fe27e\r\n\tat java.base/jdk.internal.reflect.NativeConstructorAccessorImpl.newInstance0(Native Method)\r\n\tat java.base/jdk.internal.reflect.NativeConstructorAccessorImpl.newInstance(NativeConstructorAccessorImpl.java:77)\r\n\tat java.base/jdk.internal.reflect.DelegatingConstructorAccessorImpl.newInstance(DelegatingConstructorAccessorImpl.java:45)\r\n\tat java.base/java.lang.reflect.Constructor.newInstanceWithCaller(Constructor.java:499)\r\n\tat java.base/java.lang.reflect.Constructor.newInstance(Constructor.java:480)\r\n\tat org.openqa.selenium.remote.ErrorCodec.decode(ErrorCodec.java:167)\r\n\tat org.openqa.selenium.remote.codec.w3c.W3CHttpResponseCodec.decode(W3CHttpResponseCodec.java:138)\r\n\tat org.openqa.selenium.remote.codec.w3c.W3CHttpResponseCodec.decode(W3CHttpResponseCodec.java:50)\r\n\tat org.openqa.selenium.remote.HttpCommandExecutor.execute(HttpCommandExecutor.java:190)\r\n\tat org.openqa.selenium.remote.service.DriverCommandExecutor.invokeExecute(DriverCommandExecutor.java:216)\r\n\tat org.openqa.selenium.remote.service.DriverCommandExecutor.execute(DriverCommandExecutor.java:174)\r\n\tat org.openqa.selenium.remote.RemoteWebDriver.execute(RemoteWebDriver.java:527)\r\n\tat org.openqa.selenium.remote.RemoteWebDriver.execute(RemoteWebDriver.java:600)\r\n\tat org.openqa.selenium.remote.RemoteWebDriver.execute(RemoteWebDriver.java:604)\r\n\tat org.openqa.selenium.remote.RemoteWebDriver.getScreenshotAs(RemoteWebDriver.java:323)\r\n\tat stepDefinitions.DemoQATextBoxStepDefinition.addScreenshot(DemoQATextBoxStepDefinition.java:95)\r\n","name":"org.openqa.selenium.NoSuchWindowException"}],"authorSet":[],"categorySet":[],"deviceSet":[],"generatedLog":[]},{"useNaturalConf":true,"startTime":"Sep 2, 2024, 8:49:24 PM","endTime":"Sep 2, 2024, 8:49:24 PM","status":"SKIP","level":3,"isLeaf":true,"name":"And user navigate to Campaign page and create campaign","description":"stepDefinitions.StepDef_Scenario1.user_navigate_to_campaign_page_and_create_campaign()","bddType":"com.aventstack.extentreports.gherkin.model.And","infoMap":{},"children":[],"logs":[{"timestamp":"Sep 2, 2024, 8:49:24 PM","status":"SKIP","details":"Step skipped","seq":0,"infoMap":{}}],"media":[],"exceptions":[],"authorSet":[],"categorySet":[],"deviceSet":[],"generatedLog":[]},{"useNaturalConf":true,"startTime":"Sep 2, 2024, 8:49:24 PM","endTime":"Sep 2, 2024, 8:49:24 PM","status":"SKIP","level":3,"isLeaf":true,"name":"And User add new Item in the Campaign using Create New Item button","description":"stepDefinitions.StepDef_Scenario1.user_add_new_item_in_the_campaign_using_create_new_item_button()","bddType":"com.aventstack.extentreports.gherkin.model.And","infoMap":{},"children":[],"logs":[{"timestamp":"Sep 2, 2024, 8:49:24 PM","status":"SKIP","details":"Step skipped","seq":0,"infoMap":{}}],"media":[],"exceptions":[],"authorSet":[],"categorySet":[],"deviceSet":[],"generatedLog":[]},{"useNaturalConf":true,"startTime":"Sep 2, 2024, 8:49:24 PM","endTime":"Sep 2, 2024, 8:49:24 PM","status":"SKIP","level":3,"isLeaf":true,"name":"Then Verify Campaign status as Created","description":"stepDefinitions.StepDef_Scenario1.verify_campaign_status_as_created_add_this_step()","bddType":"com.aventstack.extentreports.gherkin.model.Then","infoMap":{},"children":[],"logs":[{"timestamp":"Sep 2, 2024, 8:49:24 PM","status":"SKIP","details":"Step skipped","seq":0,"infoMap":{}}],"media":[],"exceptions":[],"authorSet":[],"categorySet":[],"deviceSet":[],"generatedLog":[]},{"useNaturalConf":true,"startTime":"Sep 2, 2024, 8:49:24 PM","endTime":"Sep 2, 2024, 8:49:24 PM","status":"SKIP","level":3,"isLeaf":true,"name":"And Click on Submit for Costing button","description":"stepDefinitions.StepDef_Scenario1.click_on_submit_for_costing_button()","bddType":"com.aventstack.extentreports.gherkin.model.And","infoMap":{},"children":[],"logs":[{"timestamp":"Sep 2, 2024, 8:49:24 PM","status":"SKIP","details":"Step skipped","seq":0,"infoMap":{}}],"media":[],"exceptions":[],"authorSet":[],"categorySet":[],"deviceSet":[],"generatedLog":[]},{"useNaturalConf":true,"startTime":"Sep 2, 2024, 8:49:24 PM","endTime":"Sep 2, 2024, 8:49:24 PM","status":"SKIP","level":3,"isLeaf":true,"name":"And User will add Supplier Cost using Submit supplier button","description":"stepDefinitions.StepDef_Scenario1.user_will_add_supplier_cost_using_submit_supplier_button()","bddType":"com.aventstack.extentreports.gherkin.model.And","infoMap":{},"children":[],"logs":[{"timestamp":"Sep 2, 2024, 8:49:24 PM","status":"SKIP","details":"Step skipped","seq":0,"infoMap":{}}],"media":[],"exceptions":[],"authorSet":[],"categorySet":[],"deviceSet":[],"generatedLog":[]},{"useNaturalConf":true,"startTime":"Sep 2, 2024, 8:49:24 PM","endTime":"Sep 2, 2024, 8:49:24 PM","status":"SKIP","level":3,"isLeaf":true,"name":"And User will manage the supplier price and add all required details","description":"stepDefinitions.StepDef_Scenario1.user_will_manage_the_supplier_price_and_add_all_required_details()","bddType":"com.aventstack.extentreports.gherkin.model.And","infoMap":{},"children":[],"logs":[{"timestamp":"Sep 2, 2024, 8:49:24 PM","status":"SKIP","details":"Step skipped","seq":0,"infoMap":{}}],"media":[],"exceptions":[],"authorSet":[],"categorySet":[],"deviceSet":[],"generatedLog":[]},{"useNaturalConf":true,"startTime":"Sep 2, 2024, 8:49:24 PM","endTime":"Sep 2, 2024, 8:49:24 PM","status":"SKIP","level":3,"isLeaf":true,"name":"And User will navigate to Quote Managment tab and generate quote","description":"stepDefinitions.StepDef_Scenario1.user_will_navigate_to_quote_managment_tab_and_generate_quote()","bddType":"com.aventstack.extentreports.gherkin.model.And","infoMap":{},"children":[],"logs":[{"timestamp":"Sep 2, 2024, 8:49:24 PM","status":"SKIP","details":"Step skipped","seq":0,"infoMap":{}}],"media":[],"exceptions":[],"authorSet":[],"categorySet":[],"deviceSet":[],"generatedLog":[]},{"useNaturalConf":true,"startTime":"Sep 2, 2024, 8:49:24 PM","endTime":"Sep 2, 2024, 8:49:24 PM","status":"SKIP","level":3,"isLeaf":true,"name":"And User will accept the quote on clicking of Quote Accepted button","description":"stepDefinitions.StepDef_Scenario1.user_will_accept_the_quote_on_clicking_of_quote_accepted_button()","bddType":"com.aventstack.extentreports.gherkin.model.And","infoMap":{},"children":[],"logs":[{"timestamp":"Sep 2, 2024, 8:49:24 PM","status":"SKIP","details":"Step skipped","seq":0,"infoMap":{}}],"media":[],"exceptions":[],"authorSet":[],"categorySet":[],"deviceSet":[],"generatedLog":[]},{"useNaturalConf":true,"startTime":"Sep 2, 2024, 8:49:24 PM","endTime":"Sep 2, 2024, 8:49:24 PM","status":"SKIP","level":3,"isLeaf":true,"name":"Then Verify status as Quote Accepted on Campaign Item Page","description":"stepDefinitions.StepDef_Scenario1.verify_status_as_quote_accepted_on_campaign_item_page()","bddType":"com.aventstack.extentreports.gherkin.model.Then","infoMap":{},"children":[],"logs":[{"timestamp":"Sep 2, 2024, 8:49:24 PM","status":"SKIP","details":"Step skipped","seq":0,"infoMap":{}}],"media":[],"exceptions":[],"authorSet":[],"categorySet":[],"deviceSet":[],"generatedLog":[]},{"useNaturalConf":true,"startTime":"Sep 2, 2024, 8:49:24 PM","endTime":"Sep 2, 2024, 8:49:24 PM","status":"FAIL","level":3,"isLeaf":true,"name":"stepDefinitions.Hooks.teardown()","description":"AFTER","bddType":"com.aventstack.extentreports.gherkin.model.Asterisk","infoMap":{},"children":[],"logs":[{"timestamp":"Sep 2, 2024, 8:49:24 PM","status":"FAIL","details":"","seq":0,"infoMap":{},"exception":{"stackTrace":"org.openqa.selenium.WebDriverException: disconnected: not connected to DevTools\n  (failed to check if window was closed: disconnected: not connected to DevTools)\n  (Session info: chrome\u003d128.0.6613.86)\nBuild info: version: \u00274.23.0\u0027, revision: \u00274df0a231af\u0027\nSystem info: os.name: \u0027Windows 10\u0027, os.arch: \u0027amd64\u0027, os.version: \u002710.0\u0027, java.version: \u002717.0.12\u0027\nDriver info: org.openqa.selenium.chrome.ChromeDriver\nCommand: [703170950b4d35394fead233f31fe27e, close {}]\nCapabilities {acceptInsecureCerts: false, browserName: chrome, browserVersion: 128.0.6613.86, chrome: {chromedriverVersion: 128.0.6613.86 (3045ed680fda..., userDataDir: C:\\Users\\NITIN~1.MOR\\AppDat...}, fedcm:accounts: true, goog:chromeOptions: {debuggerAddress: localhost:54165}, networkConnectionEnabled: false, pageLoadStrategy: normal, platformName: windows, proxy: Proxy(), se:cdp: ws://localhost:54165/devtoo..., se:cdpVersion: 128.0.6613.86, setWindowRect: true, strictFileInteractability: false, timeouts: {implicit: 0, pageLoad: 300000, script: 30000}, unhandledPromptBehavior: dismiss and notify, webauthn:extension:credBlob: true, webauthn:extension:largeBlob: true, webauthn:extension:minPinLength: true, webauthn:extension:prf: true, webauthn:virtualAuthenticators: true}\nSession ID: 703170950b4d35394fead233f31fe27e\r\n\tat java.base/jdk.internal.reflect.NativeConstructorAccessorImpl.newInstance0(Native Method)\r\n\tat java.base/jdk.internal.reflect.NativeConstructorAccessorImpl.newInstance(NativeConstructorAccessorImpl.java:77)\r\n\tat java.base/jdk.internal.reflect.DelegatingConstructorAccessorImpl.newInstance(DelegatingConstructorAccessorImpl.java:45)\r\n\tat java.base/java.lang.reflect.Constructor.newInstanceWithCaller(Constructor.java:499)\r\n\tat java.base/java.lang.reflect.Constructor.newInstance(Constructor.java:480)\r\n\tat org.openqa.selenium.remote.ErrorCodec.decode(ErrorCodec.java:167)\r\n\tat org.openqa.selenium.remote.codec.w3c.W3CHttpResponseCodec.decode(W3CHttpResponseCodec.java:138)\r\n\tat org.openqa.selenium.remote.codec.w3c.W3CHttpResponseCodec.decode(W3CHttpResponseCodec.java:50)\r\n\tat org.openqa.selenium.remote.HttpCommandExecutor.execute(HttpCommandExecutor.java:190)\r\n\tat org.openqa.selenium.remote.service.DriverCommandExecutor.invokeExecute(DriverCommandExecutor.java:216)\r\n\tat org.openqa.selenium.remote.service.DriverCommandExecutor.execute(DriverCommandExecutor.java:174)\r\n\tat org.openqa.selenium.remote.RemoteWebDriver.execute(RemoteWebDriver.java:527)\r\n\tat org.openqa.selenium.remote.RemoteWebDriver.execute(RemoteWebDriver.java:600)\r\n\tat org.openqa.selenium.remote.RemoteWebDriver.execute(RemoteWebDriver.java:604)\r\n\tat org.openqa.selenium.remote.RemoteWebDriver.close(RemoteWebDriver.java:407)\r\n\tat stepDefinitions.Hooks.teardown(Hooks.java:53)\r\n","name":"org.openqa.selenium.WebDriverException"}}],"media":[],"exceptions":[{"stackTrace":"org.openqa.selenium.WebDriverException: disconnected: not connected to DevTools\n  (failed to check if window was closed: disconnected: not connected to DevTools)\n  (Session info: chrome\u003d128.0.6613.86)\nBuild info: version: \u00274.23.0\u0027, revision: \u00274df0a231af\u0027\nSystem info: os.name: \u0027Windows 10\u0027, os.arch: \u0027amd64\u0027, os.version: \u002710.0\u0027, java.version: \u002717.0.12\u0027\nDriver info: org.openqa.selenium.chrome.ChromeDriver\nCommand: [703170950b4d35394fead233f31fe27e, close {}]\nCapabilities {acceptInsecureCerts: false, browserName: chrome, browserVersion: 128.0.6613.86, chrome: {chromedriverVersion: 128.0.6613.86 (3045ed680fda..., userDataDir: C:\\Users\\NITIN~1.MOR\\AppDat...}, fedcm:accounts: true, goog:chromeOptions: {debuggerAddress: localhost:54165}, networkConnectionEnabled: false, pageLoadStrategy: normal, platformName: windows, proxy: Proxy(), se:cdp: ws://localhost:54165/devtoo..., se:cdpVersion: 128.0.6613.86, setWindowRect: true, strictFileInteractability: false, timeouts: {implicit: 0, pageLoad: 300000, script: 30000}, unhandledPromptBehavior: dismiss and notify, webauthn:extension:credBlob: true, webauthn:extension:largeBlob: true, webauthn:extension:minPinLength: true, webauthn:extension:prf: true, webauthn:virtualAuthenticators: true}\nSession ID: 703170950b4d35394fead233f31fe27e\r\n\tat java.base/jdk.internal.reflect.NativeConstructorAccessorImpl.newInstance0(Native Method)\r\n\tat java.base/jdk.internal.reflect.NativeConstructorAccessorImpl.newInstance(NativeConstructorAccessorImpl.java:77)\r\n\tat java.base/jdk.internal.reflect.DelegatingConstructorAccessorImpl.newInstance(DelegatingConstructorAccessorImpl.java:45)\r\n\tat java.base/java.lang.reflect.Constructor.newInstanceWithCaller(Constructor.java:499)\r\n\tat java.base/java.lang.reflect.Constructor.newInstance(Constructor.java:480)\r\n\tat org.openqa.selenium.remote.ErrorCodec.decode(ErrorCodec.java:167)\r\n\tat org.openqa.selenium.remote.codec.w3c.W3CHttpResponseCodec.decode(W3CHttpResponseCodec.java:138)\r\n\tat org.openqa.selenium.remote.codec.w3c.W3CHttpResponseCodec.decode(W3CHttpResponseCodec.java:50)\r\n\tat org.openqa.selenium.remote.HttpCommandExecutor.execute(HttpCommandExecutor.java:190)\r\n\tat org.openqa.selenium.remote.service.DriverCommandExecutor.invokeExecute(DriverCommandExecutor.java:216)\r\n\tat org.openqa.selenium.remote.service.DriverCommandExecutor.execute(DriverCommandExecutor.java:174)\r\n\tat org.openqa.selenium.remote.RemoteWebDriver.execute(RemoteWebDriver.java:527)\r\n\tat org.openqa.selenium.remote.RemoteWebDriver.execute(RemoteWebDriver.java:600)\r\n\tat org.openqa.selenium.remote.RemoteWebDriver.execute(RemoteWebDriver.java:604)\r\n\tat org.openqa.selenium.remote.RemoteWebDriver.close(RemoteWebDriver.java:407)\r\n\tat stepDefinitions.Hooks.teardown(Hooks.java:53)\r\n","name":"org.openqa.selenium.WebDriverException"}],"authorSet":[],"categorySet":[],"deviceSet":[],"generatedLog":[]}],"logs":[],"media":[],"exceptions":[],"authorSet":[],"categorySet":[{"name":"@EproCampaignCreation"},{"name":"@Scenario1"}],"deviceSet":[],"generatedLog":[]}],"logs":[],"media":[],"exceptions":[],"authorSet":[],"categorySet":[],"deviceSet":[],"generatedLog":[]}],"logs":[],"media":[],"exceptions":[],"authorSet":[],"categorySet":[],"deviceSet":[],"generatedLog":[]},{"useNaturalConf":true,"startTime":"Sep 2, 2024, 8:49:15 PM","endTime":"Sep 2, 2024, 8:49:20 PM","status":"FAIL","level":0,"isLeaf":false,"name":"Logon to amazon","description":"","bddType":"com.aventstack.extentreports.gherkin.model.Feature","infoMap":{},"children":[{"useNaturalConf":true,"startTime":"Sep 2, 2024, 8:49:15 PM","endTime":"Sep 2, 2024, 8:49:20 PM","status":"FAIL","level":1,"isLeaf":false,"name":"Logon Amazon","description":"","bddType":"com.aventstack.extentreports.gherkin.model.Scenario","infoMap":{},"children":[{"useNaturalConf":true,"startTime":"Sep 2, 2024, 8:49:19 PM","endTime":"Sep 2, 2024, 8:49:19 PM","status":"FAIL","level":2,"isLeaf":true,"name":"Given User launches \"https://www.amazon.com/\"","bddType":"com.aventstack.extentreports.gherkin.model.Given","infoMap":{},"children":[],"logs":[{"timestamp":"Sep 2, 2024, 8:49:19 PM","status":"FAIL","details":"Step undefined","seq":0,"infoMap":{}}],"media":[],"exceptions":[],"authorSet":[],"categorySet":[],"deviceSet":[],"generatedLog":[]},{"useNaturalConf":true,"startTime":"Sep 2, 2024, 8:49:19 PM","endTime":"Sep 2, 2024, 8:49:19 PM","status":"PASS","level":2,"isLeaf":true,"name":"stepDefinitions.Hooks.takeScreenshot(io.cucumber.java.Scenario)","description":"AFTER_STEP","bddType":"com.aventstack.extentreports.gherkin.model.Asterisk","infoMap":{},"children":[],"logs":[{"timestamp":"Sep 2, 2024, 8:49:19 PM","status":"INFO","details":"image","seq":0,"infoMap":{},"media":{"type":"SCREENCAPTURE","path":"../screenshots/embedded1.png"}},{"timestamp":"Sep 2, 2024, 8:49:19 PM","status":"PASS","details":"","seq":1,"infoMap":{}}],"media":[],"exceptions":[],"authorSet":[],"categorySet":[],"deviceSet":[],"generatedLog":[]},{"useNaturalConf":true,"startTime":"Sep 2, 2024, 8:49:20 PM","endTime":"Sep 2, 2024, 8:49:20 PM","status":"SKIP","level":2,"isLeaf":true,"name":"When username and password are entered","bddType":"com.aventstack.extentreports.gherkin.model.When","infoMap":{},"children":[],"logs":[{"timestamp":"Sep 2, 2024, 8:49:20 PM","status":"PASS","details":"\u003ctable class\u003d\u0027markup-table table \u0027\u003e\u003ctr\u003e\u003ctd\u003eUserName\u003c/td\u003e\u003ctd\u003ePassword\u003c/td\u003e\u003c/tr\u003e\u003ctr\u003e\u003ctd\u003etest@email.com\u003c/td\u003e\u003ctd\u003eRandomPassword\u003c/td\u003e\u003c/tr\u003e\u003c/table\u003e","seq":0,"infoMap":{}},{"timestamp":"Sep 2, 2024, 8:49:20 PM","status":"SKIP","details":"Step skipped","seq":1,"infoMap":{}}],"media":[],"exceptions":[],"authorSet":[],"categorySet":[],"deviceSet":[],"generatedLog":[]},{"useNaturalConf":true,"startTime":"Sep 2, 2024, 8:49:20 PM","endTime":"Sep 2, 2024, 8:49:20 PM","status":"SKIP","level":2,"isLeaf":true,"name":"And user clicks on submit button","description":"stepDefinitions.EproStepDefinition.user_clicks_on_submit_button()","bddType":"com.aventstack.extentreports.gherkin.model.And","infoMap":{},"children":[],"logs":[{"timestamp":"Sep 2, 2024, 8:49:20 PM","status":"SKIP","details":"Step skipped","seq":0,"infoMap":{}}],"media":[],"exceptions":[],"authorSet":[],"categorySet":[],"deviceSet":[],"generatedLog":[]},{"useNaturalConf":true,"startTime":"Sep 2, 2024, 8:49:20 PM","endTime":"Sep 2, 2024, 8:49:20 PM","status":"SKIP","level":2,"isLeaf":true,"name":"Then user should get logged in","description":"stepDefinitions.EproStepDefinition.user_should_get_logged_in()","bddType":"com.aventstack.extentreports.gherkin.model.Then","infoMap":{},"children":[],"logs":[{"timestamp":"Sep 2, 2024, 8:49:20 PM","status":"SKIP","details":"Step skipped","seq":0,"infoMap":{}}],"media":[],"exceptions":[],"authorSet":[],"categorySet":[],"deviceSet":[],"generatedLog":[]}],"logs":[],"media":[],"exceptions":[],"authorSet":[],"categorySet":[{"name":"@Amazon"},{"name":"@Scenario11"}],"deviceSet":[],"generatedLog":[]}],"logs":[],"media":[],"exceptions":[],"authorSet":[],"categorySet":[],"deviceSet":[],"generatedLog":[]}]